This is pdfTeX, Version 3.14159265-2.6-1.40.18 (TeX Live 2017) (preloaded format=pdflatex 2017.5.23)  5 FEB 2018 22:24
entering extended mode
 restricted \write18 enabled.
 %&-line parsing enabled.
**main.tex
(./main.tex
LaTeX2e <2017-04-15>
Babel <3.10> and hyphenation patterns for 84 language(s) loaded.
(./bioinfo.cls
Document Class: bioinfo 2003/02/08 0.1
(/usr/local/texlive/2017/texmf-dist/tex/latex/base/inputenc.sty
Package: inputenc 2015/03/17 v1.2c Input encoding file
\inpenc@prehook=\toks14
\inpenc@posthook=\toks15
) (./crop.sty
Package: crop 2001/11/16 v1.6 cropmarks (mf)
\CROP@width=\dimen102
\CROP@height=\dimen103
\CROP@index=\count79

(/usr/local/texlive/2017/texmf-dist/tex/latex/graphics/graphics.sty
Package: graphics 2017/04/14 v1.1b Standard LaTeX Graphics (DPC,SPQR)

(/usr/local/texlive/2017/texmf-dist/tex/latex/graphics/trig.sty
Package: trig 2016/01/03 v1.10 sin cos tan (DPC)
)
(/usr/local/texlive/2017/texmf-dist/tex/latex/graphics-cfg/graphics.cfg
File: graphics.cfg 2016/06/04 v1.11 sample graphics configuration
)
Package graphics Info: Driver file: pdftex.def on input line 99.

(/usr/local/texlive/2017/texmf-dist/tex/latex/graphics-def/pdftex.def
File: pdftex.def 2017/01/12 v0.06k Graphics/color for pdfTeX

(/usr/local/texlive/2017/texmf-dist/tex/generic/oberdiek/infwarerr.sty
Package: infwarerr 2016/05/16 v1.4 Providing info/warning/error messages (HO)
)
(/usr/local/texlive/2017/texmf-dist/tex/generic/oberdiek/ltxcmds.sty
Package: ltxcmds 2016/05/16 v1.23 LaTeX kernel commands for general use (HO)
)
\Gread@gobject=\count80
))
\CROP@offset=\count81
Package crop Info: Local config file crop.cfg used on input line 344.

(./crop.cfg))
Package crop Info: using pdf(la)tex graphics driver on input line 31.
 (./graphicx.sty
Package: graphicx 1999/02/16 v1.0f Enhanced LaTeX Graphics (DPC,SPQR)

(/usr/local/texlive/2017/texmf-dist/tex/latex/graphics/keyval.sty
Package: keyval 2014/10/28 v1.15 key=value parser (DPC)
\KV@toks@=\toks16
)
\Gin@req@height=\dimen104
\Gin@req@width=\dimen105
)
(/usr/local/texlive/2017/texmf-dist/tex/latex/amsmath/amsmath.sty
Package: amsmath 2016/11/05 v2.16a AMS math features
\@mathmargin=\skip41

For additional information on amsmath, use the `?' option.
(/usr/local/texlive/2017/texmf-dist/tex/latex/amsmath/amstext.sty
Package: amstext 2000/06/29 v2.01 AMS text

(/usr/local/texlive/2017/texmf-dist/tex/latex/amsmath/amsgen.sty
File: amsgen.sty 1999/11/30 v2.0 generic functions
\@emptytoks=\toks17
\ex@=\dimen106
))
(/usr/local/texlive/2017/texmf-dist/tex/latex/amsmath/amsbsy.sty
Package: amsbsy 1999/11/29 v1.2d Bold Symbols
\pmbraise@=\dimen107
)
(/usr/local/texlive/2017/texmf-dist/tex/latex/amsmath/amsopn.sty
Package: amsopn 2016/03/08 v2.02 operator names
)
\inf@bad=\count82
LaTeX Info: Redefining \frac on input line 213.
\uproot@=\count83
\leftroot@=\count84
LaTeX Info: Redefining \overline on input line 375.
\classnum@=\count85
\DOTSCASE@=\count86
LaTeX Info: Redefining \ldots on input line 472.
LaTeX Info: Redefining \dots on input line 475.
LaTeX Info: Redefining \cdots on input line 596.
\Mathstrutbox@=\box26
\strutbox@=\box27
\big@size=\dimen108
LaTeX Font Info:    Redeclaring font encoding OML on input line 712.
LaTeX Font Info:    Redeclaring font encoding OMS on input line 713.
\macc@depth=\count87
\c@MaxMatrixCols=\count88
\dotsspace@=\muskip10
\c@parentequation=\count89
\dspbrk@lvl=\count90
\tag@help=\toks18
\row@=\count91
\column@=\count92
\maxfields@=\count93
\andhelp@=\toks19
\eqnshift@=\dimen109
\alignsep@=\dimen110
\tagshift@=\dimen111
\tagwidth@=\dimen112
\totwidth@=\dimen113
\lineht@=\dimen114
\@envbody=\toks20
\multlinegap=\skip42
\multlinetaggap=\skip43
\mathdisplay@stack=\toks21
LaTeX Info: Redefining \[ on input line 2817.
LaTeX Info: Redefining \] on input line 2818.
) (./array.sty
Package: array 1998/05/13 v2.3m Tabular extension package (FMi)
\col@sep=\dimen115
\extrarowheight=\dimen116
\NC@list=\toks22
\extratabsurround=\skip44
\backup@length=\skip45
) (./color.sty
Package: color 1999/02/16 v1.0i Standard LaTeX Color (DPC)

(/usr/local/texlive/2017/texmf-dist/tex/latex/graphics-cfg/color.cfg
File: color.cfg 2016/01/02 v1.6 sample color configuration
)
Package color Info: Driver file: pdftex.def on input line 125.
)
(/usr/local/texlive/2017/texmf-dist/tex/latex/amsfonts/amssymb.sty
Package: amssymb 2013/01/14 v3.01 AMS font symbols

(/usr/local/texlive/2017/texmf-dist/tex/latex/amsfonts/amsfonts.sty
Package: amsfonts 2013/01/14 v3.01 Basic AMSFonts support
\symAMSa=\mathgroup4
\symAMSb=\mathgroup5
LaTeX Font Info:    Overwriting math alphabet `\mathfrak' in version `bold'
(Font)                  U/euf/m/n --> U/euf/b/n on input line 106.
))
(./flushend.sty
Package: flushend 1997/10/01
\@aaa=\box28
\@ccc=\box29
\@viper=\box30
\hold@viper=\box31
\atColsBreak=\toks23
\@extra@skip=\dimen117
\@nd@page@rule=\dimen118
) (./stfloats.sty
Package: stfloats 1999/10/22
\@dblbotnum=\count94
\c@dblbotnumber=\count95
)
(/usr/local/texlive/2017/texmf-dist/tex/latex/amscls/amsthm.sty
Package: amsthm 2015/03/04 v2.20.2
\thm@style=\toks24
\thm@bodyfont=\toks25
\thm@headfont=\toks26
\thm@notefont=\toks27
\thm@headpunct=\toks28
\thm@preskip=\skip46
\thm@postskip=\skip47
\thm@headsep=\skip48
\dth@everypar=\toks29
)
(./chngpage.sty
Package: chngpage 2001/01/31 v1.1b change page layout
\c@cp@cnt=\count96
\c@cp@tempcnt=\count97
) (/usr/local/texlive/2017/texmf-dist/tex/latex/psnfss/times.sty
Package: times 2005/04/12 PSNFSS-v9.2a (SPQR) 
) (/usr/local/texlive/2017/texmf-dist/tex/latex/base/fontenc.sty
Package: fontenc 2017/04/05 v2.0i Standard LaTeX package

(/usr/local/texlive/2017/texmf-dist/tex/latex/ly1/ly1enc.def
File: ly1enc.def 2009/07/22 v0.7 TeX 'n ANSI encoding (DPC/KB)
)
LaTeX Font Info:    Try loading font information for LY1+ptm on input line 105.


(/usr/local/texlive/2017/texmf-dist/tex/latex/ly1/ly1ptm.fd
File: ly1ptm.fd 2001/02/01 font definitions for LY1/ptm using Berry names.
))
\c@section=\count98
\c@subsection=\count99
\c@subsubsection=\count100
\c@paragraph=\count101
\c@subparagraph=\count102
\c@figure=\count103
\c@table=\count104
\dropfromtop=\skip49
\extraspace=\skip50
\aboveskipchk=\skip51
\abovecaptionskip=\skip52
\belowcaptionskip=\skip53
\rotdimen=\dimen119
\tempdime=\dimen120
\temptbox=\box32
 (./natbib.sty
Package: natbib 2000/07/24 7.0a (PWD)
\bibhang=\skip54
\bibsep=\skip55
LaTeX Info: Redefining \cite on input line 508.
\c@NAT@ctr=\count105
))
(./main.aux)
\openout1 = `main.aux'.

LaTeX Font Info:    Checking defaults for OML/cmm/m/it on input line 7.
LaTeX Font Info:    ... okay on input line 7.
LaTeX Font Info:    Checking defaults for T1/cmr/m/n on input line 7.
LaTeX Font Info:    ... okay on input line 7.
LaTeX Font Info:    Checking defaults for OT1/cmr/m/n on input line 7.
LaTeX Font Info:    ... okay on input line 7.
LaTeX Font Info:    Checking defaults for OMS/cmsy/m/n on input line 7.
LaTeX Font Info:    ... okay on input line 7.
LaTeX Font Info:    Checking defaults for OMX/cmex/m/n on input line 7.
LaTeX Font Info:    ... okay on input line 7.
LaTeX Font Info:    Checking defaults for U/cmr/m/n on input line 7.
LaTeX Font Info:    ... okay on input line 7.
LaTeX Font Info:    Checking defaults for LY1/ptm/m/n on input line 7.
LaTeX Font Info:    ... okay on input line 7.

(/usr/local/texlive/2017/texmf-dist/tex/context/base/mkii/supp-pdf.mkii
[Loading MPS to PDF converter (version 2006.09.02).]
\scratchcounter=\count106
\scratchdimen=\dimen121
\scratchbox=\box33
\nofMPsegments=\count107
\nofMParguments=\count108
\everyMPshowfont=\toks30
\MPscratchCnt=\count109
\MPscratchDim=\dimen122
\MPnumerator=\count110
\makeMPintoPDFobject=\count111
\everyMPtoPDFconversion=\toks31
) (/usr/local/texlive/2017/texmf-dist/tex/generic/oberdiek/pdftexcmds.sty
Package: pdftexcmds 2017/03/19 v0.25 Utility functions of pdfTeX for LuaTeX (HO
)

(/usr/local/texlive/2017/texmf-dist/tex/generic/oberdiek/ifluatex.sty
Package: ifluatex 2016/05/16 v1.4 Provides the ifluatex switch (HO)
Package ifluatex Info: LuaTeX not detected.
)
(/usr/local/texlive/2017/texmf-dist/tex/generic/oberdiek/ifpdf.sty
Package: ifpdf 2017/03/15 v3.2 Provides the ifpdf switch
)
Package pdftexcmds Info: LuaTeX not detected.
Package pdftexcmds Info: \pdf@primitive is available.
Package pdftexcmds Info: \pdf@ifprimitive is available.
Package pdftexcmds Info: \pdfdraftmode found.
)
(/usr/local/texlive/2017/texmf-dist/tex/latex/oberdiek/epstopdf-base.sty
Package: epstopdf-base 2016/05/15 v2.6 Base part for package epstopdf

(/usr/local/texlive/2017/texmf-dist/tex/latex/oberdiek/grfext.sty
Package: grfext 2016/05/16 v1.2 Manage graphics extensions (HO)

(/usr/local/texlive/2017/texmf-dist/tex/generic/oberdiek/kvdefinekeys.sty
Package: kvdefinekeys 2016/05/16 v1.4 Define keys (HO)
))
(/usr/local/texlive/2017/texmf-dist/tex/latex/oberdiek/kvoptions.sty
Package: kvoptions 2016/05/16 v3.12 Key value format for package options (HO)

(/usr/local/texlive/2017/texmf-dist/tex/generic/oberdiek/kvsetkeys.sty
Package: kvsetkeys 2016/05/16 v1.17 Key value parser (HO)

(/usr/local/texlive/2017/texmf-dist/tex/generic/oberdiek/etexcmds.sty
Package: etexcmds 2016/05/16 v1.6 Avoid name clashes with e-TeX commands (HO)
Package etexcmds Info: Could not find \expanded.
(etexcmds)             That can mean that you are not using pdfTeX 1.50 or
(etexcmds)             that some package has redefined \expanded.
(etexcmds)             In the latter case, load this package earlier.
)))
Package epstopdf-base Info: Redefining graphics rule for `.eps' on input line 4
38.
Package grfext Info: Graphics extension search list:
(grfext)             [.png,.pdf,.jpg,.mps,.jpeg,.jbig2,.jb2,.PNG,.PDF,.JPG,.JPE
G,.JBIG2,.JB2,.eps]
(grfext)             \AppendGraphicsExtensions on input line 456.

(/usr/local/texlive/2017/texmf-dist/tex/latex/latexconfig/epstopdf-sys.cfg
File: epstopdf-sys.cfg 2010/07/13 v1.3 Configuration of (r)epstopdf for TeX Liv
e
))
LaTeX Font Info:    Try loading font information for LY1+phv on input line 30.

(/usr/local/texlive/2017/texmf-dist/tex/latex/ly1/ly1phv.fd
File: ly1phv.fd 2001/02/01 scalable font definitions for LY1/phv using Berry na
mes.
)
Package epstopdf Info: Source file: <OUP_First_SBk_Bot_8401.eps>
(epstopdf)                    date: 2015-11-25 11:49:46
(epstopdf)                    size: 407286 bytes
(epstopdf)             Output file: <OUP_First_SBk_Bot_8401-eps-converted-to.pd
f>
(epstopdf)                    date: 2015-11-25 11:49:46
(epstopdf)                    size: 9259 bytes
(epstopdf)             Command: <repstopdf --outfile=OUP_First_SBk_Bot_8401-eps
-converted-to.pdf OUP_First_SBk_Bot_8401.eps>
(epstopdf)             \includegraphics on input line 30.
Package epstopdf Info: Output file is already uptodate.

<OUP_First_SBk_Bot_8401-eps-converted-to.pdf, id=1, 54.2025pt x 54.2025pt>
File: OUP_First_SBk_Bot_8401-eps-converted-to.pdf Graphic file (type pdf)

<use OUP_First_SBk_Bot_8401-eps-converted-to.pdf>
Package pdftex.def Info: OUP_First_SBk_Bot_8401-eps-converted-to.pdf used on in
put line 30.
(pdftex.def)             Requested size: 54.20236pt x 54.20236pt.
LaTeX Font Info:    Font shape `LY1/phv/bx/n' in size <8> not available
(Font)              Font shape `LY1/phv/b/n' tried instead on input line 30.
LaTeX Font Info:    Font shape `LY1/phv/bx/n' in size <18> not available
(Font)              Font shape `LY1/phv/b/n' tried instead on input line 30.
LaTeX Font Info:    Font shape `LY1/phv/bx/n' in size <12> not available
(Font)              Font shape `LY1/phv/b/n' tried instead on input line 30.
LaTeX Font Info:    Try loading font information for U+msa on input line 30.

(/usr/local/texlive/2017/texmf-dist/tex/latex/amsfonts/umsa.fd
File: umsa.fd 2013/01/14 v3.01 AMS symbols A
)
LaTeX Font Info:    Try loading font information for U+msb on input line 30.

(/usr/local/texlive/2017/texmf-dist/tex/latex/amsfonts/umsb.fd
File: umsb.fd 2013/01/14 v3.01 AMS symbols B
)
LaTeX Font Info:    Font shape `LY1/phv/bx/n' in size <9> not available
(Font)              Font shape `LY1/phv/b/n' tried instead on input line 30.
LaTeX Font Info:    Font shape `LY1/phv/bx/n' in size <7> not available
(Font)              Font shape `LY1/phv/b/n' tried instead on input line 30.


LaTeX Font Warning: Font shape `OT1/cmr/m/n' in size <6.5> not available
(Font)              size <6> substituted on input line 30.


LaTeX Font Warning: Font shape `OML/cmm/m/it' in size <6.5> not available
(Font)              size <6> substituted on input line 30.


LaTeX Font Warning: Font shape `OMS/cmsy/m/n' in size <6.5> not available
(Font)              size <6> substituted on input line 30.

LaTeX Font Info:    Calculating math sizes for size <8.5> on input line 30.

LaTeX Font Warning: Font shape `OT1/cmr/m/n' in size <8.5> not available
(Font)              size <8> substituted on input line 30.


LaTeX Font Warning: Font shape `OT1/cmr/m/n' in size <4.25> not available
(Font)              size <5> substituted on input line 30.


LaTeX Font Warning: Font shape `OML/cmm/m/it' in size <8.5> not available
(Font)              size <8> substituted on input line 30.


LaTeX Font Warning: Font shape `OML/cmm/m/it' in size <4.25> not available
(Font)              size <5> substituted on input line 30.


LaTeX Font Warning: Font shape `OMS/cmsy/m/n' in size <8.5> not available
(Font)              size <8> substituted on input line 30.


LaTeX Font Warning: Font shape `OMS/cmsy/m/n' in size <4.25> not available
(Font)              size <5> substituted on input line 30.

LaTeX Font Info:    Font shape `LY1/phv/bx/n' in size <10> not available
(Font)              Font shape `LY1/phv/b/n' tried instead on input line 30.
LaTeX Font Info:    Font shape `LY1/phv/m/it' in size <9> not available
(Font)              Font shape `LY1/phv/m/sl' tried instead on input line 30.

Underfull \hbox (badness 10000) detected at line 30
[]
 []


Underfull \vbox (badness 10000) has occurred while \output is active []


Underfull \vbox (badness 10000) has occurred while \output is active []


Overfull \hbox (1.12001pt too wide) has occurred while \output is active
 []
 []

[1{/usr/local/texlive/2017/texmf-var/fonts/map/pdftex/updmap/pdftex.map}



 <./OUP_First_SBk_Bot_8401-eps-converted-to.pdf>]
LaTeX Font Info:    Font shape `LY1/ptm/bx/n' in size <8> not available
(Font)              Font shape `LY1/ptm/b/n' tried instead on input line 79.


LaTeX Warning: Reference `eq:01' on page 2 undefined on input line 79.


LaTeX Warning: Reference `fig:02' on page 2 undefined on input line 81.


Package natbib Warning: Citation `Boffelli03' on page 2 undefined on input line
 83.


LaTeX Warning: Reference `fig:02' on page 2 undefined on input line 92.


Package natbib Warning: Citation `Boffelli03' on page 2 undefined on input line
 94.


LaTeX Warning: Reference `fig:02' on page 2 undefined on input line 97.


Package natbib Warning: Citation `Boffelli03' on page 2 undefined on input line
 99.


LaTeX Warning: Reference `fig:02' on page 2 undefined on input line 102.


Package natbib Warning: Citation `Boffelli03' on page 2 undefined on input line
 104.


LaTeX Warning: Reference `fig:02' on page 2 undefined on input line 115.


Package natbib Warning: Citation `Boffelli03' on page 2 undefined on input line
 117.


LaTeX Warning: Reference `fig:02' on page 2 undefined on input line 120.


Package natbib Warning: Citation `Boffelli03' on page 2 undefined on input line
 122.


LaTeX Warning: Reference `fig:02' on page 2 undefined on input line 125.


Package natbib Warning: Citation `Boffelli03' on page 2 undefined on input line
 127.


LaTeX Warning: Reference `fig:02' on page 2 undefined on input line 130.


Package natbib Warning: Citation `Boffelli03' on page 2 undefined on input line
 132.


LaTeX Warning: Reference `fig:02' on page 2 undefined on input line 138.


Package natbib Warning: Citation `Boffelli03' on page 2 undefined on input line
 140.


LaTeX Warning: Reference `fig:02' on page 2 undefined on input line 143.


Package natbib Warning: Citation `Boffelli03' on page 2 undefined on input line
 145.


LaTeX Warning: Reference `fig:02' on page 2 undefined on input line 148.


Package natbib Warning: Citation `Boffelli03' on page 2 undefined on input line
 150.


LaTeX Warning: Reference `fig:02' on page 2 undefined on input line 153.


Package natbib Warning: Citation `Boffelli03' on page 2 undefined on input line
 155.

LaTeX Font Info:    Font shape `LY1/phv/m/it' in size <8> not available
(Font)              Font shape `LY1/phv/m/sl' tried instead on input line 158.

Overfull \hbox (252.0pt too wide) has occurred while \output is active
[][] 
 []

[2]

LaTeX Warning: Reference `fig:02' on page 3 undefined on input line 162.


Package natbib Warning: Citation `Boffelli03' on page 3 undefined on input line
 164.


LaTeX Warning: Reference `fig:02' on page 3 undefined on input line 167.


Package natbib Warning: Citation `Boffelli03' on page 3 undefined on input line
 169.


LaTeX Warning: Reference `fig:02' on page 3 undefined on input line 172.


Package natbib Warning: Citation `Boffelli03' on page 3 undefined on input line
 174.


LaTeX Warning: Reference `fig:02' on page 3 undefined on input line 180.


Package natbib Warning: Citation `Boffelli03' on page 3 undefined on input line
 182.


LaTeX Warning: Reference `fig:02' on page 3 undefined on input line 185.


Package natbib Warning: Citation `Boffelli03' on page 3 undefined on input line
 187.


LaTeX Warning: Reference `fig:02' on page 3 undefined on input line 195.


Package natbib Warning: Citation `Boffelli03' on page 3 undefined on input line
 197.


LaTeX Warning: Reference `fig:02' on page 3 undefined on input line 200.


Package natbib Warning: Citation `Boffelli03' on page 3 undefined on input line
 202.


LaTeX Warning: Reference `fig:02' on page 3 undefined on input line 205.


Package natbib Warning: Citation `Boffelli03' on page 3 undefined on input line
 207.


LaTeX Warning: Reference `fig:02' on page 3 undefined on input line 210.


Package natbib Warning: Citation `Boffelli03' on page 3 undefined on input line
 212.


LaTeX Warning: Reference `fig:02' on page 3 undefined on input line 215.


Package natbib Warning: Citation `Boffelli03' on page 3 undefined on input line
 217.


LaTeX Warning: Reference `fig:02' on page 3 undefined on input line 220.


Package natbib Warning: Citation `Boffelli03' on page 3 undefined on input line
 222.


LaTeX Warning: Reference `fig:02' on page 3 undefined on input line 225.


Package natbib Warning: Citation `Boffelli03' on page 3 undefined on input line
 227.


Underfull \vbox (badness 10000) has occurred while \output is active []



LaTeX Warning: Reference `fig:02' on page 3 undefined on input line 236.


Package natbib Warning: Citation `Boffelli03' on page 3 undefined on input line
 238.


LaTeX Warning: Reference `fig:02' on page 3 undefined on input line 241.


Package natbib Warning: Citation `Boffelli03' on page 3 undefined on input line
 243.


LaTeX Warning: Reference `fig:02' on page 3 undefined on input line 246.


Package natbib Warning: Citation `Boffelli03' on page 3 undefined on input line
 248.


LaTeX Warning: Reference `fig:02' on page 3 undefined on input line 254.


Package natbib Warning: Citation `Boffelli03' on page 3 undefined on input line
 256.


LaTeX Warning: Reference `fig:02' on page 3 undefined on input line 259.


Package natbib Warning: Citation `Boffelli03' on page 3 undefined on input line
 261.


LaTeX Warning: Reference `fig:02' on page 3 undefined on input line 264.


Package natbib Warning: Citation `Boffelli03' on page 3 undefined on input line
 266.


LaTeX Warning: Reference `fig:02' on page 3 undefined on input line 272.


Package natbib Warning: Citation `Boffelli03' on page 3 undefined on input line
 274.


LaTeX Warning: Reference `fig:02' on page 3 undefined on input line 277.


Package natbib Warning: Citation `Boffelli03' on page 3 undefined on input line
 279.


LaTeX Warning: Reference `fig:02' on page 3 undefined on input line 282.


Package natbib Warning: Citation `Boffelli03' on page 3 undefined on input line
 284.


LaTeX Warning: Reference `fig:02' on page 3 undefined on input line 287.


Package natbib Warning: Citation `Boffelli03' on page 3 undefined on input line
 289.


LaTeX Warning: Reference `fig:02' on page 3 undefined on input line 292.


Package natbib Warning: Citation `Boffelli03' on page 3 undefined on input line
 294.


LaTeX Warning: Reference `fig:02' on page 3 undefined on input line 297.


Package natbib Warning: Citation `Boffelli03' on page 3 undefined on input line
 299.


LaTeX Warning: Reference `fig:02' on page 3 undefined on input line 302.


Package natbib Warning: Citation `Boffelli03' on page 3 undefined on input line
 304.


LaTeX Warning: Reference `fig:02' on page 3 undefined on input line 313.


Package natbib Warning: Citation `Boffelli03' on page 3 undefined on input line
 315.


LaTeX Warning: Reference `fig:02' on page 3 undefined on input line 318.


Package natbib Warning: Citation `Boffelli03' on page 3 undefined on input line
 320.


LaTeX Warning: Reference `fig:02' on page 3 undefined on input line 323.


Package natbib Warning: Citation `Boffelli03' on page 3 undefined on input line
 325.


Underfull \vbox (badness 10000) has occurred while \output is active []


Overfull \hbox (252.0pt too wide) has occurred while \output is active
[][] 
 []

[3]

LaTeX Warning: Reference `fig:02' on page 4 undefined on input line 331.


Package natbib Warning: Citation `Boffelli03' on page 4 undefined on input line
 333.


LaTeX Warning: Reference `fig:02' on page 4 undefined on input line 336.


Package natbib Warning: Citation `Boffelli03' on page 4 undefined on input line
 338.


LaTeX Warning: Reference `fig:02' on page 4 undefined on input line 341.


Package natbib Warning: Citation `Boffelli03' on page 4 undefined on input line
 343.


LaTeX Warning: Reference `fig:02' on page 4 undefined on input line 348.


Package natbib Warning: Citation `Boffelli03' on page 4 undefined on input line
 350.


LaTeX Warning: Reference `fig:02' on page 4 undefined on input line 353.


Package natbib Warning: Citation `Boffelli03' on page 4 undefined on input line
 355.


LaTeX Warning: Reference `fig:02' on page 4 undefined on input line 358.


Package natbib Warning: Citation `Boffelli03' on page 4 undefined on input line
 360.


LaTeX Warning: Reference `fig:02' on page 4 undefined on input line 364.


Package natbib Warning: Citation `Boffelli03' on page 4 undefined on input line
 366.


LaTeX Warning: Reference `fig:02' on page 4 undefined on input line 369.


Package natbib Warning: Citation `Boffelli03' on page 4 undefined on input line
 371.


LaTeX Warning: Reference `fig:02' on page 4 undefined on input line 374.


Package natbib Warning: Citation `Boffelli03' on page 4 undefined on input line
 376.


LaTeX Warning: Reference `fig:02' on page 4 undefined on input line 379.


Package natbib Warning: Citation `Boffelli03' on page 4 undefined on input line
 381.


LaTeX Warning: Reference `fig:02' on page 4 undefined on input line 388.


Package natbib Warning: Citation `Boffelli03' on page 4 undefined on input line
 390.


LaTeX Warning: Reference `fig:02' on page 4 undefined on input line 393.


Package natbib Warning: Citation `Boffelli03' on page 4 undefined on input line
 395.


LaTeX Warning: Reference `fig:02' on page 4 undefined on input line 398.


Package natbib Warning: Citation `Boffelli03' on page 4 undefined on input line
 400.

LaTeX Font Info:    Calculating math sizes for size <7.5> on input line 409.

LaTeX Font Warning: Font shape `OT1/cmr/m/n' in size <7.5> not available
(Font)              size <7> substituted on input line 409.


LaTeX Font Warning: Font shape `OT1/cmr/m/n' in size <3.75> not available
(Font)              size <5> substituted on input line 409.


LaTeX Font Warning: Font shape `OML/cmm/m/it' in size <7.5> not available
(Font)              size <7> substituted on input line 409.


LaTeX Font Warning: Font shape `OML/cmm/m/it' in size <3.75> not available
(Font)              size <5> substituted on input line 409.


LaTeX Font Warning: Font shape `OMS/cmsy/m/n' in size <7.5> not available
(Font)              size <7> substituted on input line 409.


LaTeX Font Warning: Font shape `OMS/cmsy/m/n' in size <3.75> not available
(Font)              size <5> substituted on input line 409.

LaTeX Font Info:    Try loading font information for LY1+phb on input line 409.

LaTeX Font Info:    No file LY1phb.fd. on input line 409.

LaTeX Font Warning: Font shape `LY1/phb/m/n' undefined
(Font)              using `LY1/ptm/m/n' instead on input line 409.


LaTeX Font Warning: Font shape `LY1/phb/bx/n' undefined
(Font)              using `LY1/phb/m/n' instead on input line 409.


Overfull \hbox (12.0pt too wide) in paragraph at lines 409--409
[]$[]$ 
 []


Overfull \hbox (1.0pt too wide) in paragraph at lines 417--419
[][][][][][][] 
 []

LaTeX Font Info:    Font shape `LY1/phv/bx/n' in size <6.5> not available
(Font)              Font shape `LY1/phv/b/n' tried instead on input line 419.

LaTeX Warning: Reference `fig:02' on page 4 undefined on input line 429.


Package natbib Warning: Citation `Boffelli03' on page 4 undefined on input line
 431.


LaTeX Warning: Reference `fig:02' on page 4 undefined on input line 434.


Package natbib Warning: Citation `Boffelli03' on page 4 undefined on input line
 436.


LaTeX Warning: Reference `fig:02' on page 4 undefined on input line 439.


Package natbib Warning: Citation `Boffelli03' on page 4 undefined on input line
 441.


LaTeX Warning: Reference `fig:02' on page 4 undefined on input line 448.


Package natbib Warning: Citation `Boffelli03' on page 4 undefined on input line
 450.


LaTeX Warning: Reference `fig:02' on page 4 undefined on input line 453.


Package natbib Warning: Citation `Boffelli03' on page 4 undefined on input line
 455.


LaTeX Warning: Reference `fig:02' on page 4 undefined on input line 458.


Package natbib Warning: Citation `Boffelli03' on page 4 undefined on input line
 460.


LaTeX Warning: Reference `fig:02' on page 4 undefined on input line 470.


Package natbib Warning: Citation `Boffelli03' on page 4 undefined on input line
 472.


LaTeX Warning: Reference `fig:02' on page 4 undefined on input line 475.


Package natbib Warning: Citation `Boffelli03' on page 4 undefined on input line
 477.


LaTeX Warning: Reference `fig:02' on page 4 undefined on input line 484.


LaTeX Warning: Reference `fig:02' on page 4 undefined on input line 486.


LaTeX Warning: Reference `fig:02' on page 4 undefined on input line 488.


LaTeX Warning: Reference `fig:02' on page 4 undefined on input line 515.


Package natbib Warning: Citation `Boffelli03' on page 4 undefined on input line
 517.


LaTeX Warning: Reference `fig:02' on page 4 undefined on input line 520.


Package natbib Warning: Citation `Boffelli03' on page 4 undefined on input line
 522.


LaTeX Warning: Reference `fig:02' on page 4 undefined on input line 525.


Overfull \hbox (252.0pt too wide) has occurred while \output is active
[][] 
 []

[4]

LaTeX Warning: Reference `fig:02' on page 5 undefined on input line 532.


Package natbib Warning: Citation `Boffelli03' on page 5 undefined on input line
 534.


LaTeX Warning: Reference `fig:02' on page 5 undefined on input line 544.


Package natbib Warning: Citation `Boffelli03' on page 5 undefined on input line
 546.


LaTeX Warning: Reference `fig:02' on page 5 undefined on input line 549.


Package natbib Warning: Citation `Boffelli03' on page 5 undefined on input line
 551.


Underfull \vbox (badness 10000) has occurred while \output is active []



LaTeX Warning: Reference `fig:02' on page 5 undefined on input line 558.


Package natbib Warning: Citation `Boffelli03' on page 5 undefined on input line
 564.

LaTeX Font Info:    Font shape `LY1/ptm/bx/n' in size <7> not available
(Font)              Font shape `LY1/ptm/b/n' tried instead on input line 588.

Overfull \hbox (252.0pt too wide) has occurred while \output is active
[][] 
 []

[5]
Underfull \hbox (badness 2020) in paragraph at lines 655--656
[]\LY1/ptm/m/n/7 Shneiderman, B. (2002) Inventing discovery tools: Combining in
formation
 []


Underfull \vbox (badness 10000) has occurred while \output is active []

Extra height:10.0pt when 127.0pt

Underfull \vbox (badness 10000) has occurred while \output is active []

Extra height:10.0pt when 128.0pt

Underfull \vbox (badness 10000) has occurred while \output is active []

Extra height:10.0pt when 129.0pt

Underfull \vbox (badness 10000) has occurred while \output is active []

Extra height:10.0pt when 130.0pt

Underfull \vbox (badness 10000) has occurred while \output is active []

Extra height:10.0pt when 131.0pt

Underfull \vbox (badness 10000) has occurred while \output is active []

Extra height:10.0pt when 132.0pt

Underfull \vbox (badness 10000) has occurred while \output is active []

Extra height:10.0pt when 133.0pt

Underfull \vbox (badness 10000) has occurred while \output is active []

Extra height:10.0pt when 134.0pt

Underfull \vbox (badness 10000) has occurred while \output is active []

Extra height:10.0pt when 135.0pt
Extra height:0.0pt when 136.0pt
(2)Left:136.0pt Right:119.0pt Output:136.0pt
- LAST -
Extra skip:0.0pt
Left:136.0pt
Right:119.0pt
Output:136.0pt

Overfull \hbox (252.0pt too wide) has occurred while \output is active
[][] 
 []

[6

]

Package natbib Warning: There were undefined citations.

(./main.aux)

LaTeX Font Warning: Size substitutions with differences
(Font)              up to 1.25pt have occurred.


LaTeX Font Warning: Some font shapes were not available, defaults substituted.


LaTeX Warning: There were undefined references.

 ) 
Here is how much of TeX's memory you used:
 3716 strings out of 492995
 46305 string characters out of 6132704
 128578 words of memory out of 5000000
 7176 multiletter control sequences out of 15000+600000
 58727 words of font info for 106 fonts, out of 8000000 for 9000
 1145 hyphenation exceptions out of 8191
 39i,11n,28p,993b,352s stack positions out of 5000i,500n,10000p,200000b,80000s
{/usr/local/texlive/2017/texmf-dist/fonts/enc/dvips/ly1/texnansi.enc}</usr/lo
cal/texlive/2017/texmf-dist/fonts/type1/public/amsfonts/cmextra/cmbsy9.pfb></us
r/local/texlive/2017/texmf-dist/fonts/type1/public/amsfonts/cm/cmsy6.pfb></usr/
local/texlive/2017/texmf-dist/fonts/type1/public/amsfonts/cm/cmsy7.pfb></usr/lo
cal/texlive/2017/texmf-dist/fonts/type1/urw/helvetic/uhvb8a.pfb></usr/local/tex
live/2017/texmf-dist/fonts/type1/urw/helvetic/uhvr8a.pfb></usr/local/texlive/20
17/texmf-dist/fonts/type1/urw/helvetic/uhvr8ac.pfb></usr/local/texlive/2017/tex
mf-dist/fonts/type1/urw/helvetic/uhvro8a.pfb></usr/local/texlive/2017/texmf-dis
t/fonts/type1/urw/helvetic/uhvro8ac.pfb></usr/local/texlive/2017/texmf-dist/fon
ts/type1/urw/times/utmb8a.pfb></usr/local/texlive/2017/texmf-dist/fonts/type1/u
rw/times/utmr8a.pfb></usr/local/texlive/2017/texmf-dist/fonts/type1/urw/times/u
tmri8a.pfb>
Output written on main.pdf (6 pages, 128386 bytes).
PDF statistics:
 73 PDF objects out of 1000 (max. 8388607)
 51 compressed objects within 1 object stream
 0 named destinations out of 1000 (max. 500000)
 6 words of extra memory for PDF output out of 10000 (max. 10000000)

