This is pdfTeX, Version 3.14159265-2.6-1.40.19 (TeX Live 2018) (preloaded format=pdflatex 2018.4.16)  13 SEP 2018 02:07
entering extended mode
 restricted \write18 enabled.
 %&-line parsing enabled.
**supplementary.tex
(./supplementary.tex
LaTeX2e <2018-04-01> patch level 2
Babel <3.18> and hyphenation patterns for 84 language(s) loaded.
(/usr/local/texlive/2018/texmf-dist/tex/latex/base/article.cls
Document Class: article 2014/09/29 v1.4h Standard LaTeX document class
(/usr/local/texlive/2018/texmf-dist/tex/latex/base/size10.clo
File: size10.clo 2014/09/29 v1.4h Standard LaTeX file (size option)
)
\c@part=\count80
\c@section=\count81
\c@subsection=\count82
\c@subsubsection=\count83
\c@paragraph=\count84
\c@subparagraph=\count85
\c@figure=\count86
\c@table=\count87
\abovecaptionskip=\skip41
\belowcaptionskip=\skip42
\bibindent=\dimen102
) (./graphicx.sty
Package: graphicx 1999/02/16 v1.0f Enhanced LaTeX Graphics (DPC,SPQR)
(/usr/local/texlive/2018/texmf-dist/tex/latex/graphics/keyval.sty
Package: keyval 2014/10/28 v1.15 key=value parser (DPC)
\KV@toks@=\toks14
)
(/usr/local/texlive/2018/texmf-dist/tex/latex/graphics/graphics.sty
Package: graphics 2017/06/25 v1.2c Standard LaTeX Graphics (DPC,SPQR)

(/usr/local/texlive/2018/texmf-dist/tex/latex/graphics/trig.sty
Package: trig 2016/01/03 v1.10 sin cos tan (DPC)
)
(/usr/local/texlive/2018/texmf-dist/tex/latex/graphics-cfg/graphics.cfg
File: graphics.cfg 2016/06/04 v1.11 sample graphics configuration
)
Package graphics Info: Driver file: pdftex.def on input line 99.

(/usr/local/texlive/2018/texmf-dist/tex/latex/graphics-def/pdftex.def
File: pdftex.def 2018/01/08 v1.0l Graphics/color driver for pdftex
))
\Gin@req@height=\dimen103
\Gin@req@width=\dimen104
)
(/usr/local/texlive/2018/texmf-dist/tex/latex/geometry/geometry.sty
Package: geometry 2018/03/24 v5.7 Page Geometry

(/usr/local/texlive/2018/texmf-dist/tex/generic/oberdiek/ifpdf.sty
Package: ifpdf 2017/03/15 v3.2 Provides the ifpdf switch
)
(/usr/local/texlive/2018/texmf-dist/tex/generic/oberdiek/ifvtex.sty
Package: ifvtex 2016/05/16 v1.6 Detect VTeX and its facilities (HO)
Package ifvtex Info: VTeX not detected.
)
(/usr/local/texlive/2018/texmf-dist/tex/generic/ifxetex/ifxetex.sty
Package: ifxetex 2010/09/12 v0.6 Provides ifxetex conditional
)
\Gm@cnth=\count88
\Gm@cntv=\count89
\c@Gm@tempcnt=\count90
\Gm@bindingoffset=\dimen105
\Gm@wd@mp=\dimen106
\Gm@odd@mp=\dimen107
\Gm@even@mp=\dimen108
\Gm@layoutwidth=\dimen109
\Gm@layoutheight=\dimen110
\Gm@layouthoffset=\dimen111
\Gm@layoutvoffset=\dimen112
\Gm@dimlist=\toks15
)
(./color.sty
Package: color 1999/02/16 v1.0i Standard LaTeX Color (DPC)

(/usr/local/texlive/2018/texmf-dist/tex/latex/graphics-cfg/color.cfg
File: color.cfg 2016/01/02 v1.6 sample color configuration
)
Package color Info: Driver file: pdftex.def on input line 125.

(/usr/local/texlive/2018/texmf-dist/tex/latex/graphics/dvipsnam.def
File: dvipsnam.def 2016/06/17 v3.0m Driver-dependent file (DPC,SPQR)
))
(./supplementary.aux)
\openout1 = `supplementary.aux'.

LaTeX Font Info:    Checking defaults for OML/cmm/m/it on input line 7.
LaTeX Font Info:    ... okay on input line 7.
LaTeX Font Info:    Checking defaults for T1/cmr/m/n on input line 7.
LaTeX Font Info:    ... okay on input line 7.
LaTeX Font Info:    Checking defaults for OT1/cmr/m/n on input line 7.
LaTeX Font Info:    ... okay on input line 7.
LaTeX Font Info:    Checking defaults for OMS/cmsy/m/n on input line 7.
LaTeX Font Info:    ... okay on input line 7.
LaTeX Font Info:    Checking defaults for OMX/cmex/m/n on input line 7.
LaTeX Font Info:    ... okay on input line 7.
LaTeX Font Info:    Checking defaults for U/cmr/m/n on input line 7.
LaTeX Font Info:    ... okay on input line 7.

(/usr/local/texlive/2018/texmf-dist/tex/context/base/mkii/supp-pdf.mkii
[Loading MPS to PDF converter (version 2006.09.02).]
\scratchcounter=\count91
\scratchdimen=\dimen113
\scratchbox=\box26
\nofMPsegments=\count92
\nofMParguments=\count93
\everyMPshowfont=\toks16
\MPscratchCnt=\count94
\MPscratchDim=\dimen114
\MPnumerator=\count95
\makeMPintoPDFobject=\count96
\everyMPtoPDFconversion=\toks17
) (/usr/local/texlive/2018/texmf-dist/tex/latex/oberdiek/epstopdf-base.sty
Package: epstopdf-base 2016/05/15 v2.6 Base part for package epstopdf

(/usr/local/texlive/2018/texmf-dist/tex/generic/oberdiek/infwarerr.sty
Package: infwarerr 2016/05/16 v1.4 Providing info/warning/error messages (HO)
)
(/usr/local/texlive/2018/texmf-dist/tex/latex/oberdiek/grfext.sty
Package: grfext 2016/05/16 v1.2 Manage graphics extensions (HO)

(/usr/local/texlive/2018/texmf-dist/tex/generic/oberdiek/kvdefinekeys.sty
Package: kvdefinekeys 2016/05/16 v1.4 Define keys (HO)

(/usr/local/texlive/2018/texmf-dist/tex/generic/oberdiek/ltxcmds.sty
Package: ltxcmds 2016/05/16 v1.23 LaTeX kernel commands for general use (HO)
)))
(/usr/local/texlive/2018/texmf-dist/tex/latex/oberdiek/kvoptions.sty
Package: kvoptions 2016/05/16 v3.12 Key value format for package options (HO)

(/usr/local/texlive/2018/texmf-dist/tex/generic/oberdiek/kvsetkeys.sty
Package: kvsetkeys 2016/05/16 v1.17 Key value parser (HO)

(/usr/local/texlive/2018/texmf-dist/tex/generic/oberdiek/etexcmds.sty
Package: etexcmds 2016/05/16 v1.6 Avoid name clashes with e-TeX commands (HO)

(/usr/local/texlive/2018/texmf-dist/tex/generic/oberdiek/ifluatex.sty
Package: ifluatex 2016/05/16 v1.4 Provides the ifluatex switch (HO)
Package ifluatex Info: LuaTeX not detected.
)
Package etexcmds Info: Could not find \expanded.
(etexcmds)             That can mean that you are not using pdfTeX 1.50 or
(etexcmds)             that some package has redefined \expanded.
(etexcmds)             In the latter case, load this package earlier.
)))
(/usr/local/texlive/2018/texmf-dist/tex/generic/oberdiek/pdftexcmds.sty
Package: pdftexcmds 2018/01/30 v0.27 Utility functions of pdfTeX for LuaTeX (HO
)
Package pdftexcmds Info: LuaTeX not detected.
Package pdftexcmds Info: \pdf@primitive is available.
Package pdftexcmds Info: \pdf@ifprimitive is available.
Package pdftexcmds Info: \pdfdraftmode found.
)
Package epstopdf-base Info: Redefining graphics rule for `.eps' on input line 4
38.
Package grfext Info: Graphics extension search list:
(grfext)             [.pdf,.png,.jpg,.mps,.jpeg,.jbig2,.jb2,.PDF,.PNG,.JPG,.JPE
G,.JBIG2,.JB2,.eps]
(grfext)             \AppendGraphicsExtensions on input line 456.

(/usr/local/texlive/2018/texmf-dist/tex/latex/latexconfig/epstopdf-sys.cfg
File: epstopdf-sys.cfg 2010/07/13 v1.3 Configuration of (r)epstopdf for TeX Liv
e
))
*geometry* driver: auto-detecting
*geometry* detected driver: pdftex
*geometry* verbose mode - [ preamble ] result:
* driver: pdftex
* paper: <default>
* layout: <same size as paper>
* layoutoffset:(h,v)=(0.0pt,0.0pt)
* modes: 
* h-part:(L,W,R)=(72.26999pt, 469.75502pt, 72.26999pt)
* v-part:(T,H,B)=(72.26999pt, 650.43001pt, 72.26999pt)
* \paperwidth=614.295pt
* \paperheight=794.96999pt
* \textwidth=469.75502pt
* \textheight=650.43001pt
* \oddsidemargin=0.0pt
* \evensidemargin=0.0pt
* \topmargin=-37.0pt
* \headheight=12.0pt
* \headsep=25.0pt
* \topskip=10.0pt
* \footskip=30.0pt
* \marginparwidth=65.0pt
* \marginparsep=11.0pt
* \columnsep=10.0pt
* \skip\footins=9.0pt plus 4.0pt minus 2.0pt
* \hoffset=0.0pt
* \voffset=0.0pt
* \mag=1000
* \@twocolumnfalse
* \@twosidefalse
* \@mparswitchfalse
* \@reversemarginfalse
* (1in=72.27pt=25.4mm, 1cm=28.453pt)

LaTeX Font Info:    External font `cmex10' loaded for size
(Font)              <12> on input line 12.
LaTeX Font Info:    External font `cmex10' loaded for size
(Font)              <8> on input line 12.
LaTeX Font Info:    External font `cmex10' loaded for size
(Font)              <6> on input line 12.
LaTeX Font Info:    Try loading font information for OMS+cmr on input line 18.
(/usr/local/texlive/2018/texmf-dist/tex/latex/base/omscmr.fd
File: omscmr.fd 2014/09/29 v2.5h Standard LaTeX font definitions
)
LaTeX Font Info:    Font shape `OMS/cmr/m/n' in size <10> not available
(Font)              Font shape `OMS/cmsy/m/n' tried instead on input line 18.
 [1

{/usr/local/texlive/2018/texmf-var/fonts/map/pdftex/updmap/pdftex.map}]
<../MakeFigures/sbIRClusters.jpg, id=11, 1003.75pt x 702.625pt>
File: ../MakeFigures/sbIRClusters.jpg Graphic file (type jpg)
<use ../MakeFigures/sbIRClusters.jpg>
Package pdftex.def Info: ../MakeFigures/sbIRClusters.jpg  used on input line 39
.
(pdftex.def)             Requested size: 469.75502pt x 328.82932pt.
 [2

 <../MakeFigures/sbIRClusters.jpg>]
<SupplementaryFigure2Dots.png, id=15, 680.5425pt x 715.67375pt>
File: SupplementaryFigure2Dots.png Graphic file (type png)
<use SupplementaryFigure2Dots.png>
Package pdftex.def Info: SupplementaryFigure2Dots.png  used on input line 47.
(pdftex.def)             Requested size: 328.82707pt x 345.80183pt.
 [3

 <./SupplementaryFigure2Dots.png>]
<../MakeFigures/soybeanDEG.png, id=21, 438.63875pt x 439.6425pt>
File: ../MakeFigures/soybeanDEG.png Graphic file (type png)
<use ../MakeFigures/soybeanDEG.png>
Package pdftex.def Info: ../MakeFigures/soybeanDEG.png  used on input line 55.
(pdftex.def)             Requested size: 328.82707pt x 329.58347pt.
 [4

 <../MakeFigures/soybeanDEG.png>]
<../MakeFigures/sbIRClusterSigSM1.jpg, id=26, 702.625pt x 702.625pt>
File: ../MakeFigures/sbIRClusterSigSM1.jpg Graphic file (type jpg)
<use ../MakeFigures/sbIRClusterSigSM1.jpg>
Package pdftex.def Info: ../MakeFigures/sbIRClusterSigSM1.jpg  used on input li
ne 63.
(pdftex.def)             Requested size: 469.75502pt x 469.76996pt.


LaTeX Warning: Text page 5 contains only floats.

[5

 <../MakeFigures/sbIRClusterSigSM1.jpg>]
<../MakeFigures/sbIRClusterSigSM2.jpg, id=30, 702.625pt x 702.625pt>
File: ../MakeFigures/sbIRClusterSigSM2.jpg Graphic file (type jpg)
<use ../MakeFigures/sbIRClusterSigSM2.jpg>
Package pdftex.def Info: ../MakeFigures/sbIRClusterSigSM2.jpg  used on input li
ne 70.
(pdftex.def)             Requested size: 469.75502pt x 469.76996pt.
<../MakeFigures/sbIRClusterSigSM3.jpg, id=31, 702.625pt x 702.625pt>
File: ../MakeFigures/sbIRClusterSigSM3.jpg Graphic file (type jpg)
<use ../MakeFigures/sbIRClusterSigSM3.jpg>
Package pdftex.def Info: ../MakeFigures/sbIRClusterSigSM3.jpg  used on input li
ne 77.
(pdftex.def)             Requested size: 469.75502pt x 469.76996pt.
 [6 <../MakeFigures/sbIRClusterSigSM2.jpg>] [7 <../MakeFigures/sbIRClusterSigSM
3.jpg>]
<../MakeFigures/sbIRClusterSigSM4.jpg, id=39, 702.625pt x 702.625pt>
File: ../MakeFigures/sbIRClusterSigSM4.jpg Graphic file (type jpg)
<use ../MakeFigures/sbIRClusterSigSM4.jpg>
Package pdftex.def Info: ../MakeFigures/sbIRClusterSigSM4.jpg  used on input li
ne 85.
(pdftex.def)             Requested size: 469.75502pt x 469.76996pt.
 [8

 <../MakeFigures/sbIRClusterSigSM4.jpg>]
<../MakeFigures/Dashboards/litreCluster1/litreCluster1.jpg, id=43, 849.8952pt x
 1164.0288pt>
File: ../MakeFigures/Dashboards/litreCluster1/litreCluster1.jpg Graphic file (t
ype jpg)
<use ../MakeFigures/Dashboards/litreCluster1/litreCluster1.jpg>
Package pdftex.def Info: ../MakeFigures/Dashboards/litreCluster1/litreCluster1.
jpg  used on input line 93.
(pdftex.def)             Requested size: 328.82707pt x 450.3638pt.
 [9

 <../MakeFigures/Dashboards/litreCluster1/litreCluster1.jpg>]
Underfull \hbox (badness 10000) in paragraph at lines 100--101

 []

LaTeX Font Info:    External font `cmex10' loaded for size
(Font)              <7> on input line 106.
LaTeX Font Info:    External font `cmex10' loaded for size
(Font)              <5> on input line 106.
[10

] [11]
<../MakeFigures/lkClustersKeep.jpg, id=55, 1003.75pt x 1806.75pt>
File: ../MakeFigures/lkClustersKeep.jpg Graphic file (type jpg)
<use ../MakeFigures/lkClustersKeep.jpg>
Package pdftex.def Info: ../MakeFigures/lkClustersKeep.jpg  used on input line 
143.
(pdftex.def)             Requested size: 305.33789pt x 549.6106pt.
<../MakeFigures/lkClustersOrig.jpg, id=56, 1003.75pt x 1806.75pt>
File: ../MakeFigures/lkClustersOrig.jpg Graphic file (type jpg)
<use ../MakeFigures/lkClustersOrig.jpg>
Package pdftex.def Info: ../MakeFigures/lkClustersOrig.jpg  used on input line 
150.
(pdftex.def)             Requested size: 305.33789pt x 549.6106pt.
<../MakeFigures/lkClustersRemove.jpg, id=57, 1003.75pt x 1806.75pt>
File: ../MakeFigures/lkClustersRemove.jpg Graphic file (type jpg)
<use ../MakeFigures/lkClustersRemove.jpg>
Package pdftex.def Info: ../MakeFigures/lkClustersRemove.jpg  used on input lin
e 157.
(pdftex.def)             Requested size: 305.33789pt x 549.6106pt.


LaTeX Warning: Float too large for page by 19.12503pt on input line 160.

<../MakeFigures/lkClustersAdd.jpg, id=58, 1003.75pt x 1806.75pt>
File: ../MakeFigures/lkClustersAdd.jpg Graphic file (type jpg)
<use ../MakeFigures/lkClustersAdd.jpg>
Package pdftex.def Info: ../MakeFigures/lkClustersAdd.jpg  used on input line 1
64.
(pdftex.def)             Requested size: 305.33789pt x 549.6106pt.
<../MakeFigures/lkClustersKeepSM.jpg, id=59, 633.36626pt x 557.08125pt>
File: ../MakeFigures/lkClustersKeepSM.jpg Graphic file (type jpg)
<use ../MakeFigures/lkClustersKeepSM.jpg>
Package pdftex.def Info: ../MakeFigures/lkClustersKeepSM.jpg  used on input lin
e 171.
(pdftex.def)             Requested size: 469.75502pt x 413.18571pt.
<../MakeFigures/lkClustersOrigSM.jpg, id=60, 633.36626pt x 557.08125pt>
File: ../MakeFigures/lkClustersOrigSM.jpg Graphic file (type jpg)
<use ../MakeFigures/lkClustersOrigSM.jpg>
Package pdftex.def Info: ../MakeFigures/lkClustersOrigSM.jpg  used on input lin
e 178.
(pdftex.def)             Requested size: 469.75502pt x 413.18571pt.
<../MakeFigures/lkClustersRemoveSM.jpg, id=61, 633.36626pt x 557.08125pt>
File: ../MakeFigures/lkClustersRemoveSM.jpg Graphic file (type jpg)
<use ../MakeFigures/lkClustersRemoveSM.jpg>
Package pdftex.def Info: ../MakeFigures/lkClustersRemoveSM.jpg  used on input l
ine 185.
(pdftex.def)             Requested size: 469.75502pt x 413.18571pt.
<../MakeFigures/lkClustersAddSM.jpg, id=62, 633.36626pt x 557.08125pt>
File: ../MakeFigures/lkClustersAddSM.jpg Graphic file (type jpg)
<use ../MakeFigures/lkClustersAddSM.jpg>
Package pdftex.def Info: ../MakeFigures/lkClustersAddSM.jpg  used on input line
 192.
(pdftex.def)             Requested size: 469.75502pt x 413.18571pt.
<../MakeFigures/Dashboards/litreClusterKeep/litreClusterKeep.jpg, id=63, 550.69
74pt x 807.9786pt>
File: ../MakeFigures/Dashboards/litreClusterKeep/litreClusterKeep.jpg Graphic f
ile (type jpg)
<use ../MakeFigures/Dashboards/litreClusterKeep/litreClusterKeep.jpg>
Package pdftex.def Info: ../MakeFigures/Dashboards/litreClusterKeep/litreCluste
rKeep.jpg  used on input line 200.
(pdftex.def)             Requested size: 328.82707pt x 482.44844pt.
<../MakeFigures/Dashboards/litreClusterOrig/litreClusterOrig.jpg, id=64, 544.43
4pt x 805.5696pt>
File: ../MakeFigures/Dashboards/litreClusterOrig/litreClusterOrig.jpg Graphic f
ile (type jpg)
<use ../MakeFigures/Dashboards/litreClusterOrig/litreClusterOrig.jpg>
Package pdftex.def Info: ../MakeFigures/Dashboards/litreClusterOrig/litreCluste
rOrig.jpg  used on input line 207.
(pdftex.def)             Requested size: 328.82707pt x 486.56598pt.
<../MakeFigures/Dashboards/litreClusterRemove/litreClusterRemove.jpg, id=65, 54
3.4704pt x 805.5696pt>
File: ../MakeFigures/Dashboards/litreClusterRemove/litreClusterRemove.jpg Graph
ic file (type jpg)
<use ../MakeFigures/Dashboards/litreClusterRemove/litreClusterRemove.jpg>
Package pdftex.def Info: ../MakeFigures/Dashboards/litreClusterRemove/litreClus
terRemove.jpg  used on input line 214.
(pdftex.def)             Requested size: 328.82707pt x 487.40184pt.
<../MakeFigures/Dashboards/litreClusterAdd/litreClusterAdd.jpg, id=66, 541.0614
pt x 805.5696pt>
File: ../MakeFigures/Dashboards/litreClusterAdd/litreClusterAdd.jpg Graphic fil
e (type jpg)
<use ../MakeFigures/Dashboards/litreClusterAdd/litreClusterAdd.jpg>
Package pdftex.def Info: ../MakeFigures/Dashboards/litreClusterAdd/litreCluster
Add.jpg  used on input line 221.
(pdftex.def)             Requested size: 328.82707pt x 489.60211pt.
<../MakeFigures/lkClustersKeepSM-St.jpg, id=67, 633.36626pt x 557.08125pt>
File: ../MakeFigures/lkClustersKeepSM-St.jpg Graphic file (type jpg)
<use ../MakeFigures/lkClustersKeepSM-St.jpg>
Package pdftex.def Info: ../MakeFigures/lkClustersKeepSM-St.jpg  used on input 
line 228.
(pdftex.def)             Requested size: 469.75502pt x 413.18571pt.
<../MakeFigures/lkClustersOrigSM-St.jpg, id=68, 633.36626pt x 557.08125pt>
File: ../MakeFigures/lkClustersOrigSM-St.jpg Graphic file (type jpg)
<use ../MakeFigures/lkClustersOrigSM-St.jpg>
Package pdftex.def Info: ../MakeFigures/lkClustersOrigSM-St.jpg  used on input 
line 235.
(pdftex.def)             Requested size: 469.75502pt x 413.18571pt.
<../MakeFigures/lkClustersRemoveSM-St.jpg, id=69, 633.36626pt x 557.08125pt>
File: ../MakeFigures/lkClustersRemoveSM-St.jpg Graphic file (type jpg)
<use ../MakeFigures/lkClustersRemoveSM-St.jpg>
Package pdftex.def Info: ../MakeFigures/lkClustersRemoveSM-St.jpg  used on inpu
t line 242.
(pdftex.def)             Requested size: 469.75502pt x 413.18571pt.
<../MakeFigures/lkClustersAddSM-St.jpg, id=70, 633.36626pt x 557.08125pt>
File: ../MakeFigures/lkClustersAddSM-St.jpg Graphic file (type jpg)
<use ../MakeFigures/lkClustersAddSM-St.jpg>
Package pdftex.def Info: ../MakeFigures/lkClustersAddSM-St.jpg  used on input l
ine 249.
(pdftex.def)             Requested size: 469.75502pt x 413.18571pt.
<../MakeFigures/Dashboards/litreClusterKeep-St/litreClusterKeep-St.jpg, id=71, 
566.115pt x 800.7516pt>
File: ../MakeFigures/Dashboards/litreClusterKeep-St/litreClusterKeep-St.jpg Gra
phic file (type jpg)
<use ../MakeFigures/Dashboards/litreClusterKeep-St/litreClusterKeep-St.jpg>
Package pdftex.def Info: ../MakeFigures/Dashboards/litreClusterKeep-St/litreClu
sterKeep-St.jpg  used on input line 256.
(pdftex.def)             Requested size: 328.82707pt x 465.12048pt.
<../MakeFigures/Dashboards/litreClusterOrig-St/litreClusterOrig-St.jpg, id=72, 
569.4876pt x 800.7516pt>
File: ../MakeFigures/Dashboards/litreClusterOrig-St/litreClusterOrig-St.jpg Gra
phic file (type jpg)
<use ../MakeFigures/Dashboards/litreClusterOrig-St/litreClusterOrig-St.jpg>
Package pdftex.def Info: ../MakeFigures/Dashboards/litreClusterOrig-St/litreClu
sterOrig-St.jpg  used on input line 263.
(pdftex.def)             Requested size: 328.82707pt x 462.37134pt.
<../MakeFigures/Dashboards/litreClusterRemove-St/litreClusterRemove-St.jpg, id=
73, 873.5034pt x 1009.371pt>
File: ../MakeFigures/Dashboards/litreClusterRemove-St/litreClusterRemove-St.jpg
 Graphic file (type jpg)
<use ../MakeFigures/Dashboards/litreClusterRemove-St/litreClusterRemove-St.jpg>

Package pdftex.def Info: ../MakeFigures/Dashboards/litreClusterRemove-St/litreC
lusterRemove-St.jpg  used on input line 270.
(pdftex.def)             Requested size: 469.75502pt x 542.81898pt.
<../MakeFigures/Dashboards/litreClusterAdd-St/litreClusterAdd-St.jpg, id=74, 86
7.24pt x 980.463pt>
File: ../MakeFigures/Dashboards/litreClusterAdd-St/litreClusterAdd-St.jpg Graph
ic file (type jpg)
<use ../MakeFigures/Dashboards/litreClusterAdd-St/litreClusterAdd-St.jpg>
Package pdftex.def Info: ../MakeFigures/Dashboards/litreClusterAdd-St/litreClus
terAdd-St.jpg  used on input line 277.
(pdftex.def)             Requested size: 469.75502pt x 531.0878pt.

LaTeX Warning: Float too large for page by 24.60223pt on input line 280.

[12

] [13 <../MakeFigures/lkClustersKeep.jpg>] [14 <../MakeFigures/lkClustersOrig.j
pg>] [15 <../MakeFigures/lkClustersRemove.jpg>] [16 <../MakeFigures/lkClustersA
dd.jpg>] [17 <../MakeFigures/lkClustersKeepSM.jpg>] [18 <../MakeFigures/lkClust
ersOrigSM.jpg>] [19 <../MakeFigures/lkClustersRemoveSM.jpg>] [20 <../MakeFigure
s/lkClustersAddSM.jpg>] [21 <../MakeFigures/Dashboards/litreClusterKeep/litreCl
usterKeep.jpg>] [22 <../MakeFigures/Dashboards/litreClusterOrig/litreClusterOri
g.jpg>] [23 <../MakeFigures/Dashboards/litreClusterRemove/litreClusterRemove.jp
g>] [24 <../MakeFigures/Dashboards/litreClusterAdd/litreClusterAdd.jpg>]
[25 <../MakeFigures/lkClustersKeepSM-St.jpg>] [26 <../MakeFigures/lkClustersOri
gSM-St.jpg>] [27 <../MakeFigures/lkClustersRemoveSM-St.jpg>] [28 <../MakeFigure
s/lkClustersAddSM-St.jpg>] [29 <../MakeFigures/Dashboards/litreClusterKeep-St/l
itreClusterKeep-St.jpg>] [30 <../MakeFigures/Dashboards/litreClusterOrig-St/lit
reClusterOrig-St.jpg>] [31 <../MakeFigures/Dashboards/litreClusterRemove-St/lit
reClusterRemove-St.jpg>] [32 <../MakeFigures/Dashboards/litreClusterAdd-St/litr
eClusterAdd-St.jpg>] (./supplementary.aux) ) 
Here is how much of TeX's memory you used:
 2291 strings out of 492649
 37619 string characters out of 6129622
 144546 words of memory out of 5000000
 6122 multiletter control sequences out of 15000+600000
 7329 words of font info for 26 fonts, out of 8000000 for 9000
 1141 hyphenation exceptions out of 8191
 41i,6n,32p,2363b,223s stack positions out of 5000i,500n,10000p,200000b,80000s
</usr/local/texlive/2018/texmf-dist
/fonts/type1/public/amsfonts/cm/cmbx10.pfb></usr/local/texlive/2018/texmf-dist/
fonts/type1/public/amsfonts/cm/cmr10.pfb></usr/local/texlive/2018/texmf-dist/fo
nts/type1/public/amsfonts/cm/cmr12.pfb></usr/local/texlive/2018/texmf-dist/font
s/type1/public/amsfonts/cm/cmr17.pfb></usr/local/texlive/2018/texmf-dist/fonts/
type1/public/amsfonts/cm/cmsy10.pfb></usr/local/texlive/2018/texmf-dist/fonts/t
ype1/public/amsfonts/cm/cmti10.pfb>
Output written on supplementary.pdf (32 pages, 10049475 bytes).
PDF statistics:
 179 PDF objects out of 1000 (max. 8388607)
 91 compressed objects within 1 object stream
 0 named destinations out of 1000 (max. 500000)
 141 words of extra memory for PDF output out of 10000 (max. 10000000)

