This is pdfTeX, Version 3.14159265-2.6-1.40.18 (TeX Live 2017) (preloaded format=pdflatex 2017.5.23)  16 MAR 2018 02:39
entering extended mode
 restricted \write18 enabled.
 %&-line parsing enabled.
**supp.tex
(./supp.tex
LaTeX2e <2017-04-15>
Babel <3.10> and hyphenation patterns for 84 language(s) loaded.
(/usr/local/texlive/2017/texmf-dist/tex/latex/base/article.cls
Document Class: article 2014/09/29 v1.4h Standard LaTeX document class
(/usr/local/texlive/2017/texmf-dist/tex/latex/base/size10.clo
File: size10.clo 2014/09/29 v1.4h Standard LaTeX file (size option)
)
\c@part=\count79
\c@section=\count80
\c@subsection=\count81
\c@subsubsection=\count82
\c@paragraph=\count83
\c@subparagraph=\count84
\c@figure=\count85
\c@table=\count86
\abovecaptionskip=\skip41
\belowcaptionskip=\skip42
\bibindent=\dimen102
) (./graphicx.sty
Package: graphicx 1999/02/16 v1.0f Enhanced LaTeX Graphics (DPC,SPQR)
(/usr/local/texlive/2017/texmf-dist/tex/latex/graphics/keyval.sty
Package: keyval 2014/10/28 v1.15 key=value parser (DPC)
\KV@toks@=\toks14
)
(/usr/local/texlive/2017/texmf-dist/tex/latex/graphics/graphics.sty
Package: graphics 2017/04/14 v1.1b Standard LaTeX Graphics (DPC,SPQR)

(/usr/local/texlive/2017/texmf-dist/tex/latex/graphics/trig.sty
Package: trig 2016/01/03 v1.10 sin cos tan (DPC)
)
(/usr/local/texlive/2017/texmf-dist/tex/latex/graphics-cfg/graphics.cfg
File: graphics.cfg 2016/06/04 v1.11 sample graphics configuration
)
Package graphics Info: Driver file: pdftex.def on input line 99.

(/usr/local/texlive/2017/texmf-dist/tex/latex/graphics-def/pdftex.def
File: pdftex.def 2017/01/12 v0.06k Graphics/color for pdfTeX

(/usr/local/texlive/2017/texmf-dist/tex/generic/oberdiek/infwarerr.sty
Package: infwarerr 2016/05/16 v1.4 Providing info/warning/error messages (HO)
)
(/usr/local/texlive/2017/texmf-dist/tex/generic/oberdiek/ltxcmds.sty
Package: ltxcmds 2016/05/16 v1.23 LaTeX kernel commands for general use (HO)
)
\Gread@gobject=\count87
))
\Gin@req@height=\dimen103
\Gin@req@width=\dimen104
)
(/usr/local/texlive/2017/texmf-dist/tex/latex/geometry/geometry.sty
Package: geometry 2010/09/12 v5.6 Page Geometry

(/usr/local/texlive/2017/texmf-dist/tex/generic/oberdiek/ifpdf.sty
Package: ifpdf 2017/03/15 v3.2 Provides the ifpdf switch
)
(/usr/local/texlive/2017/texmf-dist/tex/generic/oberdiek/ifvtex.sty
Package: ifvtex 2016/05/16 v1.6 Detect VTeX and its facilities (HO)
Package ifvtex Info: VTeX not detected.
)
(/usr/local/texlive/2017/texmf-dist/tex/generic/ifxetex/ifxetex.sty
Package: ifxetex 2010/09/12 v0.6 Provides ifxetex conditional
)
\Gm@cnth=\count88
\Gm@cntv=\count89
\c@Gm@tempcnt=\count90
\Gm@bindingoffset=\dimen105
\Gm@wd@mp=\dimen106
\Gm@odd@mp=\dimen107
\Gm@even@mp=\dimen108
\Gm@layoutwidth=\dimen109
\Gm@layoutheight=\dimen110
\Gm@layouthoffset=\dimen111
\Gm@layoutvoffset=\dimen112
\Gm@dimlist=\toks15
)
(./supp.aux)
\openout1 = `supp.aux'.

LaTeX Font Info:    Checking defaults for OML/cmm/m/it on input line 11.
LaTeX Font Info:    ... okay on input line 11.
LaTeX Font Info:    Checking defaults for T1/cmr/m/n on input line 11.
LaTeX Font Info:    ... okay on input line 11.
LaTeX Font Info:    Checking defaults for OT1/cmr/m/n on input line 11.
LaTeX Font Info:    ... okay on input line 11.
LaTeX Font Info:    Checking defaults for OMS/cmsy/m/n on input line 11.
LaTeX Font Info:    ... okay on input line 11.
LaTeX Font Info:    Checking defaults for OMX/cmex/m/n on input line 11.
LaTeX Font Info:    ... okay on input line 11.
LaTeX Font Info:    Checking defaults for U/cmr/m/n on input line 11.
LaTeX Font Info:    ... okay on input line 11.

(/usr/local/texlive/2017/texmf-dist/tex/context/base/mkii/supp-pdf.mkii
[Loading MPS to PDF converter (version 2006.09.02).]
\scratchcounter=\count91
\scratchdimen=\dimen113
\scratchbox=\box26
\nofMPsegments=\count92
\nofMParguments=\count93
\everyMPshowfont=\toks16
\MPscratchCnt=\count94
\MPscratchDim=\dimen114
\MPnumerator=\count95
\makeMPintoPDFobject=\count96
\everyMPtoPDFconversion=\toks17
) (/usr/local/texlive/2017/texmf-dist/tex/generic/oberdiek/pdftexcmds.sty
Package: pdftexcmds 2017/03/19 v0.25 Utility functions of pdfTeX for LuaTeX (HO
)

(/usr/local/texlive/2017/texmf-dist/tex/generic/oberdiek/ifluatex.sty
Package: ifluatex 2016/05/16 v1.4 Provides the ifluatex switch (HO)
Package ifluatex Info: LuaTeX not detected.
)
Package pdftexcmds Info: LuaTeX not detected.
Package pdftexcmds Info: \pdf@primitive is available.
Package pdftexcmds Info: \pdf@ifprimitive is available.
Package pdftexcmds Info: \pdfdraftmode found.
)
(/usr/local/texlive/2017/texmf-dist/tex/latex/oberdiek/epstopdf-base.sty
Package: epstopdf-base 2016/05/15 v2.6 Base part for package epstopdf

(/usr/local/texlive/2017/texmf-dist/tex/latex/oberdiek/grfext.sty
Package: grfext 2016/05/16 v1.2 Manage graphics extensions (HO)

(/usr/local/texlive/2017/texmf-dist/tex/generic/oberdiek/kvdefinekeys.sty
Package: kvdefinekeys 2016/05/16 v1.4 Define keys (HO)
))
(/usr/local/texlive/2017/texmf-dist/tex/latex/oberdiek/kvoptions.sty
Package: kvoptions 2016/05/16 v3.12 Key value format for package options (HO)

(/usr/local/texlive/2017/texmf-dist/tex/generic/oberdiek/kvsetkeys.sty
Package: kvsetkeys 2016/05/16 v1.17 Key value parser (HO)

(/usr/local/texlive/2017/texmf-dist/tex/generic/oberdiek/etexcmds.sty
Package: etexcmds 2016/05/16 v1.6 Avoid name clashes with e-TeX commands (HO)
Package etexcmds Info: Could not find \expanded.
(etexcmds)             That can mean that you are not using pdfTeX 1.50 or
(etexcmds)             that some package has redefined \expanded.
(etexcmds)             In the latter case, load this package earlier.
)))
Package epstopdf-base Info: Redefining graphics rule for `.eps' on input line 4
38.
Package grfext Info: Graphics extension search list:
(grfext)             [.png,.pdf,.jpg,.mps,.jpeg,.jbig2,.jb2,.PNG,.PDF,.JPG,.JPE
G,.JBIG2,.JB2,.eps]
(grfext)             \AppendGraphicsExtensions on input line 456.

(/usr/local/texlive/2017/texmf-dist/tex/latex/latexconfig/epstopdf-sys.cfg
File: epstopdf-sys.cfg 2010/07/13 v1.3 Configuration of (r)epstopdf for TeX Liv
e
))
*geometry* driver: auto-detecting
*geometry* detected driver: pdftex
*geometry* verbose mode - [ preamble ] result:
* driver: pdftex
* paper: <default>
* layout: <same size as paper>
* layoutoffset:(h,v)=(0.0pt,0.0pt)
* modes: 
* h-part:(L,W,R)=(72.26999pt, 469.75502pt, 72.26999pt)
* v-part:(T,H,B)=(72.26999pt, 650.43001pt, 72.26999pt)
* \paperwidth=614.295pt
* \paperheight=794.96999pt
* \textwidth=469.75502pt
* \textheight=650.43001pt
* \oddsidemargin=0.0pt
* \evensidemargin=0.0pt
* \topmargin=-37.0pt
* \headheight=12.0pt
* \headsep=25.0pt
* \topskip=10.0pt
* \footskip=30.0pt
* \marginparwidth=65.0pt
* \marginparsep=11.0pt
* \columnsep=10.0pt
* \skip\footins=9.0pt plus 4.0pt minus 2.0pt
* \hoffset=0.0pt
* \voffset=0.0pt
* \mag=1000
* \@twocolumnfalse
* \@twosidefalse
* \@mparswitchfalse
* \@reversemarginfalse
* (1in=72.27pt=25.4mm, 1cm=28.453pt)

LaTeX Font Info:    External font `cmex10' loaded for size
(Font)              <12> on input line 16.
LaTeX Font Info:    External font `cmex10' loaded for size
(Font)              <8> on input line 16.
LaTeX Font Info:    External font `cmex10' loaded for size
(Font)              <6> on input line 16.
[1

{/usr/local/texlive/2017/texmf-var/fonts/map/pdftex/updmap/pdftex.map}]
<../MakeFigures/sbIRClusters.jpg, id=9, 1003.75pt x 702.625pt>
File: ../MakeFigures/sbIRClusters.jpg Graphic file (type jpg)

<use ../MakeFigures/sbIRClusters.jpg>
Package pdftex.def Info: ../MakeFigures/sbIRClusters.jpg used on input line 21.

(pdftex.def)             Requested size: 469.75502pt x 328.82932pt.
 [2

 <../MakeFigures/sbIRClusters.jpg>]
<../MakeFigures/sbIRClusterSigSM1.jpg, id=13, 702.625pt x 702.625pt>
File: ../MakeFigures/sbIRClusterSigSM1.jpg Graphic file (type jpg)

<use ../MakeFigures/sbIRClusterSigSM1.jpg>
Package pdftex.def Info: ../MakeFigures/sbIRClusterSigSM1.jpg used on input lin
e 29.
(pdftex.def)             Requested size: 469.75502pt x 469.76996pt.
 [3

 <../MakeFigures/sbIRClusterSigSM1.jpg>] <../MakeFigures/sbIRClusterSigSM2.jpg,
 id=18, 702.625pt x 702.625pt>
File: ../MakeFigures/sbIRClusterSigSM2.jpg Graphic file (type jpg)

<use ../MakeFigures/sbIRClusterSigSM2.jpg>
Package pdftex.def Info: ../MakeFigures/sbIRClusterSigSM2.jpg used on input lin
e 37.
(pdftex.def)             Requested size: 469.75502pt x 469.76996pt.

<../MakeFigures/sbIRClusterSigSM3.jpg, id=19, 702.625pt x 702.625pt>
File: ../MakeFigures/sbIRClusterSigSM3.jpg Graphic file (type jpg)

<use ../MakeFigures/sbIRClusterSigSM3.jpg>
Package pdftex.def Info: ../MakeFigures/sbIRClusterSigSM3.jpg used on input lin
e 44.
(pdftex.def)             Requested size: 469.75502pt x 469.76996pt.
 [4

 <../MakeFigures/sbIRClusterSigSM2.jpg>] [5 <../MakeFigures/sbIRClusterSigSM3.j
pg>]
<../MakeFigures/sbIRClusterSigSM4.jpg, id=26, 702.625pt x 702.625pt>
File: ../MakeFigures/sbIRClusterSigSM4.jpg Graphic file (type jpg)

<use ../MakeFigures/sbIRClusterSigSM4.jpg>
Package pdftex.def Info: ../MakeFigures/sbIRClusterSigSM4.jpg used on input lin
e 52.
(pdftex.def)             Requested size: 469.75502pt x 469.76996pt.

<../Bioinformatics/Pictures/mdsSwitch.png, id=27, 627.7854pt x 608.5134pt>
File: ../Bioinformatics/Pictures/mdsSwitch.png Graphic file (type png)

<use ../Bioinformatics/Pictures/mdsSwitch.png>
Package pdftex.def Info: ../Bioinformatics/Pictures/mdsSwitch.png used on input
 line 59.
(pdftex.def)             Requested size: 469.75502pt x 455.3347pt.


LaTeX Warning: Reference `sbCNSwitchedSM' on page 6 undefined on input line 61.



LaTeX Warning: Reference `sbCNSwitchedSM' on page 6 undefined on input line 61.


[6

 <../MakeFigures/sbIRClusterSigSM4.jpg>] [7 <../Bioinformatics/Pictures/mdsSwit
ch.png>]
<../Bioinformatics/Pictures/litrePlots/N_P/litreCluster1.png, id=38, 849.8952pt
 x 1164.0288pt>
File: ../Bioinformatics/Pictures/litrePlots/N_P/litreCluster1.png Graphic file 
(type png)

<use ../Bioinformatics/Pictures/litrePlots/N_P/litreCluster1.png>
Package pdftex.def Info: ../Bioinformatics/Pictures/litrePlots/N_P/litreCluster
1.png used on input line 69.
(pdftex.def)             Requested size: 328.82707pt x 450.3638pt.

<../Bioinformatics/Pictures/liverKidney/Clustering_data_FDR_001_TMMvRaw_Keep/K_
L_8.jpg, id=39, 1003.75pt x 1806.75pt>
File: ../Bioinformatics/Pictures/liverKidney/Clustering_data_FDR_001_TMMvRaw_Ke
ep/K_L_8.jpg Graphic file (type jpg)

<use ../Bioinformatics/Pictures/liverKidney/Clustering_data_FDR_001_TMMvRaw_Kee
p/K_L_8.jpg>
Package pdftex.def Info: ../Bioinformatics/Pictures/liverKidney/Clustering_data
_FDR_001_TMMvRaw_Keep/K_L_8.jpg used on input line 78.
(pdftex.def)             Requested size: 305.33789pt x 549.6106pt.

<../Bioinformatics/Pictures/liverKidney/Clustering_data_FDR_001_TMMvRaw_Removed
/K_L_8.jpg, id=40, 1003.75pt x 1806.75pt>
File: ../Bioinformatics/Pictures/liverKidney/Clustering_data_FDR_001_TMMvRaw_Re
moved/K_L_8.jpg Graphic file (type jpg)

<use ../Bioinformatics/Pictures/liverKidney/Clustering_data_FDR_001_TMMvRaw_Rem
oved/K_L_8.jpg>
Package pdftex.def Info: ../Bioinformatics/Pictures/liverKidney/Clustering_data
_FDR_001_TMMvRaw_Removed/K_L_8.jpg used on input line 85.
(pdftex.def)             Requested size: 305.33789pt x 549.6106pt.


LaTeX Warning: Reference `RawKLSig' on page 8 undefined on input line 87.


LaTeX Warning: Reference `RawKLSig' on page 8 undefined on input line 87.


LaTeX Warning: Float too large for page by 19.12503pt on input line 88.


<../Bioinformatics/Pictures/liverKidney/Clustering_data_FDR_001_TMMvRaw_Orig/K_
L_8.jpg, id=41, 1003.75pt x 1806.75pt>
File: ../Bioinformatics/Pictures/liverKidney/Clustering_data_FDR_001_TMMvRaw_Or
ig/K_L_8.jpg Graphic file (type jpg)

<use ../Bioinformatics/Pictures/liverKidney/Clustering_data_FDR_001_TMMvRaw_Ori
g/K_L_8.jpg>
Package pdftex.def Info: ../Bioinformatics/Pictures/liverKidney/Clustering_data
_FDR_001_TMMvRaw_Orig/K_L_8.jpg used on input line 92.
(pdftex.def)             Requested size: 305.33789pt x 549.6106pt.

<../Bioinformatics/Pictures/liverKidney/Clustering_data_FDR_001_TMMvRaw_Add/K_L
_8.jpg, id=42, 1003.75pt x 1806.75pt>
File: ../Bioinformatics/Pictures/liverKidney/Clustering_data_FDR_001_TMMvRaw_Ad
d/K_L_8.jpg Graphic file (type jpg)

<use ../Bioinformatics/Pictures/liverKidney/Clustering_data_FDR_001_TMMvRaw_Add
/K_L_8.jpg>
Package pdftex.def Info: ../Bioinformatics/Pictures/liverKidney/Clustering_data
_FDR_001_TMMvRaw_Add/K_L_8.jpg used on input line 99.
(pdftex.def)             Requested size: 305.33789pt x 549.6106pt.

<../Bioinformatics/Pictures/liverKidney/Clustering_data_FDR_001_TMMvRaw_Keep/K_
L_Sig_SM_Keep_8_1.jpg, id=43, 702.625pt x 702.625pt>
File: ../Bioinformatics/Pictures/liverKidney/Clustering_data_FDR_001_TMMvRaw_Ke
ep/K_L_Sig_SM_Keep_8_1.jpg Graphic file (type jpg)

<use ../Bioinformatics/Pictures/liverKidney/Clustering_data_FDR_001_TMMvRaw_Kee
p/K_L_Sig_SM_Keep_8_1.jpg>
Package pdftex.def Info: ../Bioinformatics/Pictures/liverKidney/Clustering_data
_FDR_001_TMMvRaw_Keep/K_L_Sig_SM_Keep_8_1.jpg used on input line 106.
(pdftex.def)             Requested size: 469.75502pt x 469.76996pt.

<../Dashboards/exampleKeep.png, id=44, 550.6974pt x 807.9786pt>
File: ../Dashboards/exampleKeep.png Graphic file (type png)

<use ../Dashboards/exampleKeep.png>
Package pdftex.def Info: ../Dashboards/exampleKeep.png used on input line 113.
(pdftex.def)             Requested size: 328.82707pt x 482.44844pt.

<../Bioinformatics/Pictures/liverKidney/Clustering_data_FDR_001_TMMvRaw_Removed
/K_L_Sig_SM_Removed_8_1.jpg, id=45, 702.625pt x 702.625pt>
File: ../Bioinformatics/Pictures/liverKidney/Clustering_data_FDR_001_TMMvRaw_Re
moved/K_L_Sig_SM_Removed_8_1.jpg Graphic file (type jpg)

<use ../Bioinformatics/Pictures/liverKidney/Clustering_data_FDR_001_TMMvRaw_Rem
oved/K_L_Sig_SM_Removed_8_1.jpg>
Package pdftex.def Info: ../Bioinformatics/Pictures/liverKidney/Clustering_data
_FDR_001_TMMvRaw_Removed/K_L_Sig_SM_Removed_8_1.jpg used on input line 120.
(pdftex.def)             Requested size: 469.75502pt x 469.76996pt.

<../Dashboards/exampleRemove.png, id=46, 543.4704pt x 805.5696pt>
File: ../Dashboards/exampleRemove.png Graphic file (type png)

<use ../Dashboards/exampleRemove.png>
Package pdftex.def Info: ../Dashboards/exampleRemove.png used on input line 127
.
(pdftex.def)             Requested size: 328.82707pt x 487.40184pt.
 [8

 <../Bioinformatics/Pictures/litrePlots/N_P/litreCluster1.png>]
<../Bioinformatics/Pictures/liverKidney/Clustering_data_FDR_001_TMMvRaw_Orig/K_
L_Sig_SM_Orig_8_1.jpg, id=51, 702.625pt x 702.625pt>
File: ../Bioinformatics/Pictures/liverKidney/Clustering_data_FDR_001_TMMvRaw_Or
ig/K_L_Sig_SM_Orig_8_1.jpg Graphic file (type jpg)

<use ../Bioinformatics/Pictures/liverKidney/Clustering_data_FDR_001_TMMvRaw_Ori
g/K_L_Sig_SM_Orig_8_1.jpg>
Package pdftex.def Info: ../Bioinformatics/Pictures/liverKidney/Clustering_data
_FDR_001_TMMvRaw_Orig/K_L_Sig_SM_Orig_8_1.jpg used on input line 135.
(pdftex.def)             Requested size: 469.75502pt x 469.76996pt.

<../Dashboards/exampleOrig.png, id=52, 544.434pt x 805.5696pt>
File: ../Dashboards/exampleOrig.png Graphic file (type png)

<use ../Dashboards/exampleOrig.png>
Package pdftex.def Info: ../Dashboards/exampleOrig.png used on input line 142.
(pdftex.def)             Requested size: 328.82707pt x 486.56598pt.

<../Bioinformatics/Pictures/liverKidney/Clustering_data_FDR_001_TMMvRaw_Add/K_L
_Sig_SM_Add_8_1.jpg, id=53, 702.625pt x 702.625pt>
File: ../Bioinformatics/Pictures/liverKidney/Clustering_data_FDR_001_TMMvRaw_Ad
d/K_L_Sig_SM_Add_8_1.jpg Graphic file (type jpg)

<use ../Bioinformatics/Pictures/liverKidney/Clustering_data_FDR_001_TMMvRaw_Add
/K_L_Sig_SM_Add_8_1.jpg>
Package pdftex.def Info: ../Bioinformatics/Pictures/liverKidney/Clustering_data
_FDR_001_TMMvRaw_Add/K_L_Sig_SM_Add_8_1.jpg used on input line 150.
(pdftex.def)             Requested size: 469.75502pt x 469.76996pt.

<../Dashboards/exampleAdd.png, id=54, 541.0614pt x 805.5696pt>
File: ../Dashboards/exampleAdd.png Graphic file (type png)

<use ../Dashboards/exampleAdd.png>
Package pdftex.def Info: ../Dashboards/exampleAdd.png used on input line 157.
(pdftex.def)             Requested size: 328.82707pt x 489.60211pt.
 [9] [10 <../Bioinformatics/Pictures/liverKidney/Clustering_data_FDR_001_TMMvRa
w_Keep/K_L_8.jpg>] [11 <../Bioinformatics/Pictures/liverKidney/Clustering_data_
FDR_001_TMMvRaw_Removed/K_L_8.jpg>] [12 <../Bioinformatics/Pictures/liverKidney
/Clustering_data_FDR_001_TMMvRaw_Orig/K_L_8.jpg>] [13 <../Bioinformatics/Pictur
es/liverKidney/Clustering_data_FDR_001_TMMvRaw_Add/K_L_8.jpg>] [14 <../Bioinfor
matics/Pictures/liverKidney/Clustering_data_FDR_001_TMMvRaw_Keep/K_L_Sig_SM_Kee
p_8_1.jpg>] [15 <../Dashboards/exampleKeep.png>] [16 <../Bioinformatics/Picture
s/liverKidney/Clustering_data_FDR_001_TMMvRaw_Removed/K_L_Sig_SM_Removed_8_1.jp
g>] [17 <../Dashboards/exampleRemove.png>]
[18 <../Bioinformatics/Pictures/liverKidney/Clustering_data_FDR_001_TMMvRaw_Ori
g/K_L_Sig_SM_Orig_8_1.jpg>] [19 <../Dashboards/exampleOrig.png>] [20 <../Bioinf
ormatics/Pictures/liverKidney/Clustering_data_FDR_001_TMMvRaw_Add/K_L_Sig_SM_Ad
d_8_1.jpg>] [21 <../Dashboards/exampleAdd.png>] (./supp.aux)

LaTeX Warning: There were undefined references.

 ) 
Here is how much of TeX's memory you used:
 2088 strings out of 492995
 34267 string characters out of 6132704
 100987 words of memory out of 5000000
 5614 multiletter control sequences out of 15000+600000
 7329 words of font info for 26 fonts, out of 8000000 for 9000
 1141 hyphenation exceptions out of 8191
 39i,6n,32p,1425b,215s stack positions out of 5000i,500n,10000p,200000b,80000s
</usr/local/texlive/2017/texmf-dist/fonts/type1/public/amsfonts/cm/cmbx10.pfb
></usr/local/texlive/2017/texmf-dist/fonts/type1/public/amsfonts/cm/cmr10.pfb><
/usr/local/texlive/2017/texmf-dist/fonts/type1/public/amsfonts/cm/cmr12.pfb></u
sr/local/texlive/2017/texmf-dist/fonts/type1/public/amsfonts/cm/cmr17.pfb></usr
/local/texlive/2017/texmf-dist/fonts/type1/public/amsfonts/cm/cmti10.pfb>
Output written on supp.pdf (21 pages, 6630039 bytes).
PDF statistics:
 118 PDF objects out of 1000 (max. 8388607)
 64 compressed objects within 1 object stream
 0 named destinations out of 1000 (max. 500000)
 96 words of extra memory for PDF output out of 10000 (max. 10000000)

