This is pdfTeX, Version 3.14159265-2.6-1.40.18 (TeX Live 2017) (preloaded format=pdflatex 2017.5.23)  5 OCT 2017 12:41
entering extended mode
 restricted \write18 enabled.
 %&-line parsing enabled.
**biomsample.tex
(./biomsample.tex
LaTeX2e <2017-04-15>
Babel <3.10> and hyphenation patterns for 84 language(s) loaded.
(./biom.cls
Document Class: biom 2006/12/12 v2.2 LaTeX2e Biom document class
Document Style `Biom' v1.0, released 2006 December 12
\math@groups=\toks14
LaTeX Font Info:    Overwriting symbol font `symbols' in version `bold'
(Font)                  OMS/cmsy/b/n --> OMS/cmsy/b/n on input line 236.
\symUPM=\mathgroup4
LaTeX Font Info:    Overwriting symbol font `UPM' in version `bold'
(Font)                  U/eur/m/n --> U/eur/b/n on input line 273.
\symAMSa=\mathgroup5
\SFB@measure=\dimen102
\realparindent=\skip41
\c@part=\count79
\c@section=\count80
\c@subsection=\count81
\c@subsubsection=\count82
\c@paragraph=\count83
\c@subparagraph=\count84
\c@discounter=\count85
\@topalign=\dimen103
\Verticalskip=\dimen104
\@partialpageht=\dimen105
\store@outputbox=\box26
\storedboxheight=\dimen106
\@indentskip=\skip42
\smallindent=\skip43
\@footindent=\skip44
\@leftskip=\skip45
\absbox=\box27
\keywdbox=\box28
\c@emailcnt=\count86
\c@emailxcnt=\count87
\tempcount=\count88
(/usr/local/texlive/2017/texmf-dist/tex/latex/natbib/natbib.sty
Package: natbib 2010/09/13 8.31b (PWD, AO)
\bibhang=\skip46
\bibsep=\skip47
LaTeX Info: Redefining \cite on input line 694.
\c@NAT@ctr=\count89
)
\c@dummy=\count90
\c@table=\count91
\c@figure=\count92
\mathindent=\dimen107

(/usr/local/texlive/2017/texmf-dist/tex/latex/tools/theorem.sty
Package: theorem 2014/10/28 v2.2c Theorem extension package (FMi)
\theorem@style=\toks15
\theorem@bodyfont=\toks16
\theorempreskipamount=\skip48
\theorempostskipamount=\skip49

(/usr/local/texlive/2017/texmf-dist/tex/latex/tools/thp.sty
File: thp.sty 2014/10/28 v2.2c Theorem extension package (FMi)
))
\c@theorem=\count93
\c@theorem=\count94
\c@corollary=\count95
\c@fact=\count96
\c@property=\count97
\c@result=\count98
\c@lemma=\count99
\c@assumption=\count100
\c@case=\count101
\c@axiom=\count102
\c@change=\count103
\c@claim=\count104
\c@conjecture=\count105
\c@definition=\count106
\c@example=\count107
\c@formula=\count108
\c@hypothesis=\count109
\c@method=\count110
\c@model=\count111
\c@notation=\count112
\c@note=\count113
\c@objective=\count114
\c@observation=\count115
\c@principle=\count116
\c@problem=\count117
\c@procedure=\count118
\c@remark=\count119
\c@step=\count120
\theorempreskipamount=\skip50
\theorempostskipamount=\skip51
)
(/usr/local/texlive/2017/texmf-dist/tex/latex/graphics/rotating.sty
Package: rotating 2016/08/11 v2.16d rotated objects in LaTeX

(/usr/local/texlive/2017/texmf-dist/tex/latex/graphics/graphicx.sty
Package: graphicx 2014/10/28 v1.0g Enhanced LaTeX Graphics (DPC,SPQR)

(/usr/local/texlive/2017/texmf-dist/tex/latex/graphics/keyval.sty
Package: keyval 2014/10/28 v1.15 key=value parser (DPC)
\KV@toks@=\toks17
)
(/usr/local/texlive/2017/texmf-dist/tex/latex/graphics/graphics.sty
Package: graphics 2017/04/14 v1.1b Standard LaTeX Graphics (DPC,SPQR)

(/usr/local/texlive/2017/texmf-dist/tex/latex/graphics/trig.sty
Package: trig 2016/01/03 v1.10 sin cos tan (DPC)
)
(/usr/local/texlive/2017/texmf-dist/tex/latex/graphics-cfg/graphics.cfg
File: graphics.cfg 2016/06/04 v1.11 sample graphics configuration
)
Package graphics Info: Driver file: pdftex.def on input line 99.

(/usr/local/texlive/2017/texmf-dist/tex/latex/graphics-def/pdftex.def
File: pdftex.def 2017/01/12 v0.06k Graphics/color for pdfTeX

(/usr/local/texlive/2017/texmf-dist/tex/generic/oberdiek/infwarerr.sty
Package: infwarerr 2016/05/16 v1.4 Providing info/warning/error messages (HO)
)
(/usr/local/texlive/2017/texmf-dist/tex/generic/oberdiek/ltxcmds.sty
Package: ltxcmds 2016/05/16 v1.23 LaTeX kernel commands for general use (HO)
)
\Gread@gobject=\count121
))
\Gin@req@height=\dimen108
\Gin@req@width=\dimen109
)
(/usr/local/texlive/2017/texmf-dist/tex/latex/base/ifthen.sty
Package: ifthen 2014/09/29 v1.1c Standard LaTeX ifthen package (DPC)
)
\c@r@tfl@t=\count122
\rotFPtop=\skip52
\rotFPbot=\skip53
\rot@float@box=\box29
\rot@mess@toks=\toks18
)
(./biomsample.aux)
\openout1 = `biomsample.aux'.

LaTeX Font Info:    Checking defaults for OML/cmm/m/it on input line 63.
LaTeX Font Info:    ... okay on input line 63.
LaTeX Font Info:    Checking defaults for T1/cmr/m/n on input line 63.
LaTeX Font Info:    ... okay on input line 63.
LaTeX Font Info:    Checking defaults for OT1/cmr/m/n on input line 63.
LaTeX Font Info:    ... okay on input line 63.
LaTeX Font Info:    Checking defaults for OMS/cmsy/m/n on input line 63.
LaTeX Font Info:    ... okay on input line 63.
LaTeX Font Info:    Checking defaults for OMX/cmex/m/n on input line 63.
LaTeX Font Info:    ... okay on input line 63.
LaTeX Font Info:    Checking defaults for U/cmr/m/n on input line 63.
LaTeX Font Info:    ... okay on input line 63.

(/usr/local/texlive/2017/texmf-dist/tex/context/base/mkii/supp-pdf.mkii
[Loading MPS to PDF converter (version 2006.09.02).]
\scratchcounter=\count123
\scratchdimen=\dimen110
\scratchbox=\box30
\nofMPsegments=\count124
\nofMParguments=\count125
\everyMPshowfont=\toks19
\MPscratchCnt=\count126
\MPscratchDim=\dimen111
\MPnumerator=\count127
\makeMPintoPDFobject=\count128
\everyMPtoPDFconversion=\toks20
) (/usr/local/texlive/2017/texmf-dist/tex/generic/oberdiek/pdftexcmds.sty
Package: pdftexcmds 2017/03/19 v0.25 Utility functions of pdfTeX for LuaTeX (HO
)

(/usr/local/texlive/2017/texmf-dist/tex/generic/oberdiek/ifluatex.sty
Package: ifluatex 2016/05/16 v1.4 Provides the ifluatex switch (HO)
Package ifluatex Info: LuaTeX not detected.
)
(/usr/local/texlive/2017/texmf-dist/tex/generic/oberdiek/ifpdf.sty
Package: ifpdf 2017/03/15 v3.2 Provides the ifpdf switch
)
Package pdftexcmds Info: LuaTeX not detected.
Package pdftexcmds Info: \pdf@primitive is available.
Package pdftexcmds Info: \pdf@ifprimitive is available.
Package pdftexcmds Info: \pdfdraftmode found.
)
(/usr/local/texlive/2017/texmf-dist/tex/latex/oberdiek/epstopdf-base.sty
Package: epstopdf-base 2016/05/15 v2.6 Base part for package epstopdf

(/usr/local/texlive/2017/texmf-dist/tex/latex/oberdiek/grfext.sty
Package: grfext 2016/05/16 v1.2 Manage graphics extensions (HO)

(/usr/local/texlive/2017/texmf-dist/tex/generic/oberdiek/kvdefinekeys.sty
Package: kvdefinekeys 2016/05/16 v1.4 Define keys (HO)
))
(/usr/local/texlive/2017/texmf-dist/tex/latex/oberdiek/kvoptions.sty
Package: kvoptions 2016/05/16 v3.12 Key value format for package options (HO)

(/usr/local/texlive/2017/texmf-dist/tex/generic/oberdiek/kvsetkeys.sty
Package: kvsetkeys 2016/05/16 v1.17 Key value parser (HO)

(/usr/local/texlive/2017/texmf-dist/tex/generic/oberdiek/etexcmds.sty
Package: etexcmds 2016/05/16 v1.6 Avoid name clashes with e-TeX commands (HO)
Package etexcmds Info: Could not find \expanded.
(etexcmds)             That can mean that you are not using pdfTeX 1.50 or
(etexcmds)             that some package has redefined \expanded.
(etexcmds)             In the latter case, load this package earlier.
)))
Package epstopdf-base Info: Redefining graphics rule for `.eps' on input line 4
38.
Package grfext Info: Graphics extension search list:
(grfext)             [.png,.pdf,.jpg,.mps,.jpeg,.jbig2,.jb2,.PNG,.PDF,.JPG,.JPE
G,.JBIG2,.JB2,.eps]
(grfext)             \AppendGraphicsExtensions on input line 456.

(/usr/local/texlive/2017/texmf-dist/tex/latex/latexconfig/epstopdf-sys.cfg
File: epstopdf-sys.cfg 2010/07/13 v1.3 Configuration of (r)epstopdf for TeX Liv
e
))
LaTeX Font Info:    External font `cmex10' loaded for size
(Font)              <7> on input line 105.
LaTeX Font Info:    External font `cmex10' loaded for size
(Font)              <5> on input line 105.
LaTeX Font Info:    Try loading font information for U+eur on input line 105.

(/usr/local/texlive/2017/texmf-dist/tex/latex/amsfonts/ueur.fd
File: ueur.fd 2013/01/14 v3.01 Euler Roman
)
LaTeX Font Info:    Try loading font information for U+msa on input line 105.

(/usr/local/texlive/2017/texmf-dist/tex/latex/amsfonts/umsa.fd
File: umsa.fd 2013/01/14 v3.01 AMS symbols A
)
LaTeX Font Info:    External font `cmex10' loaded for size
(Font)              <9> on input line 105.
LaTeX Font Info:    External font `cmex10' loaded for size
(Font)              <6> on input line 105.
LaTeX Font Info:    External font `cmex10' loaded for size
(Font)              <8> on input line 140.

Overfull \vbox (3.5pt too high) has occurred while \output is active []

 [1{/usr/local/texlive/2017/texmf-var/fonts/map/pdftex/updmap/pdftex.map}


]
Overfull \hbox (4.62497pt too wide) has occurred while \output is active
\OT1/cmr/m/n/9 2
 []

[2]
Overfull \hbox (258.0pt too wide) in paragraph at lines 365--373
[][] 
 []

Package epstopdf Info: Source file: <mouse.eps>
(epstopdf)                    date: 2017-10-05 11:01:03
(epstopdf)                    size: 5341 bytes
(epstopdf)             Output file: <mouse-eps-converted-to.pdf>
(epstopdf)                    date: 2017-10-05 11:05:36
(epstopdf)                    size: 3128 bytes
(epstopdf)             Command: <repstopdf --outfile=mouse-eps-converted-to.pdf
 mouse.eps>
(epstopdf)             \includegraphics on input line 409.
Package epstopdf Info: Output file is already uptodate.
<mouse-eps-converted-to.pdf, id=29, 151.56625pt x 134.5025pt>
File: mouse-eps-converted-to.pdf Graphic file (type pdf)

<use mouse-eps-converted-to.pdf>
Package pdftex.def Info: mouse-eps-converted-to.pdf used on input line 409.
(pdftex.def)             Requested size: 162.6075pt x 144.30206pt.

Underfull \hbox (badness 3780) in paragraph at lines 417--420
\OT1/cmr/m/n/9 sion, called in-frared cir-rus, from in-ter-stel-lar dust on
 []


Underfull \hbox (badness 3209) in paragraph at lines 417--420
\OT1/cmr/m/n/9 all spa-tial scales (Sharma et al., 1984), thereby im-
 []


Underfull \hbox (badness 1852) in paragraph at lines 417--420
\OT1/cmr/m/n/9 pair-ing the mea-sure-ments at far-infrared wave-lengths. 
 []


Overfull \hbox (4.62497pt too wide) has occurred while \output is active
\OT1/cmr/m/n/9 3
 []

[3 <./mouse-eps-converted-to.pdf>]
Package epstopdf Info: Source file: <mouse.eps>
(epstopdf)                    date: 2017-10-05 11:01:03
(epstopdf)                    size: 5341 bytes
(epstopdf)             Output file: <mouse-eps-converted-to.pdf>
(epstopdf)                    date: 2017-10-05 11:05:36
(epstopdf)                    size: 3128 bytes
(epstopdf)             Command: <repstopdf --outfile=mouse-eps-converted-to.pdf
 mouse.eps>
(epstopdf)             \includegraphics on input line 508.
Package epstopdf Info: Output file is already uptodate.
File: mouse-eps-converted-to.pdf Graphic file (type pdf)
 <use mouse-eps-converted-to.pdf>
Package pdftex.def Info: mouse-eps-converted-to.pdf used on input line 508.
(pdftex.def)             Requested size: 325.215pt x 288.6062pt.
Package epstopdf Info: Source file: <mouse.eps>
(epstopdf)                    date: 2017-10-05 11:01:03
(epstopdf)                    size: 5341 bytes
(epstopdf)             Output file: <mouse-eps-converted-to.pdf>
(epstopdf)                    date: 2017-10-05 11:05:36
(epstopdf)                    size: 3128 bytes
(epstopdf)             Command: <repstopdf --outfile=mouse-eps-converted-to.pdf
 mouse.eps>
(epstopdf)             \includegraphics on input line 529.
Package epstopdf Info: Output file is already uptodate.
File: mouse-eps-converted-to.pdf Graphic file (type pdf)

<use mouse-eps-converted-to.pdf>
Package pdftex.def Info: mouse-eps-converted-to.pdf used on input line 529.
(pdftex.def)             Requested size: 144.54pt x 128.26918pt.

Underfull \vbox (badness 10000) has occurred while \output is active []


Overfull \hbox (4.62497pt too wide) has occurred while \output is active
\OT1/cmr/m/n/9 4
 []

[4]
Overfull \hbox (4.62497pt too wide) has occurred while \output is active
\OT1/cmr/m/n/9 5
 []

[5]
Underfull \hbox (badness 2735) in paragraph at lines 623--646
\OT1/cmr/m/n/9 abun-dances and space dis-tri-bu-tion of RV Tauri stars
 []


Underfull \hbox (badness 10000) in paragraph at lines 623--646
\OT1/cmtt/m/n/9 http://www.duke.edu/$\OMS/cmsy/m/n/9 ^^X$\OT1/cmtt/m/n/9 delon0
01/Biometrics[]tables.pdf\OT1/cmr/m/n/9 .
 []


Underfull \hbox (badness 10000) detected at line 667
\OT1/cmr/m/n/9 1.
 []


Underfull \hbox (badness 10000) detected at line 668
\OT1/cmr/m/n/9 2.
 []


Underfull \hbox (badness 10000) detected at line 669
\OT1/cmr/m/n/9 3.
 []


Overfull \hbox (4.62497pt too wide) has occurred while \output is active
\OT1/cmr/m/n/9 6
 []

[6]
Underfull \hbox (badness 1142) in paragraph at lines 811--816
\OT1/cmr/m/n/9 (This ap-pendix was not part of the orig-i-nal pa-per by
 []


Overfull \hbox (4.62497pt too wide) has occurred while \output is active
\OT1/cmr/m/n/9 7
 []

[7]
Overfull \hbox (4.62497pt too wide) has occurred while \output is active
\OT1/cmr/m/n/9 8
 []

[8] (./biomsample.aux) ) 
Here is how much of TeX's memory you used:
 2540 strings out of 492995
 33273 string characters out of 6132704
 113982 words of memory out of 5000000
 6055 multiletter control sequences out of 15000+600000
 15906 words of font info for 57 fonts, out of 8000000 for 9000
 1141 hyphenation exceptions out of 8191
 39i,18n,34p,292b,461s stack positions out of 5000i,500n,10000p,200000b,80000s
</usr/local/texlive/2017/texmf-dist/fonts/type1/public/
amsfonts/cmextra/cmbsy7.pfb></usr/local/texlive/2017/texmf-dist/fonts/type1/pub
lic/amsfonts/cm/cmbx10.pfb></usr/local/texlive/2017/texmf-dist/fonts/type1/publ
ic/amsfonts/cm/cmbx12.pfb></usr/local/texlive/2017/texmf-dist/fonts/type1/publi
c/amsfonts/cm/cmbx9.pfb></usr/local/texlive/2017/texmf-dist/fonts/type1/public/
amsfonts/cm/cmcsc10.pfb></usr/local/texlive/2017/texmf-dist/fonts/type1/public/
amsfonts/cm/cmex10.pfb></usr/local/texlive/2017/texmf-dist/fonts/type1/public/a
msfonts/cm/cmmi6.pfb></usr/local/texlive/2017/texmf-dist/fonts/type1/public/ams
fonts/cm/cmmi8.pfb></usr/local/texlive/2017/texmf-dist/fonts/type1/public/amsfo
nts/cm/cmmi9.pfb></usr/local/texlive/2017/texmf-dist/fonts/type1/public/amsfont
s/cm/cmr10.pfb></usr/local/texlive/2017/texmf-dist/fonts/type1/public/amsfonts/
cm/cmr5.pfb></usr/local/texlive/2017/texmf-dist/fonts/type1/public/amsfonts/cm/
cmr6.pfb></usr/local/texlive/2017/texmf-dist/fonts/type1/public/amsfonts/cm/cmr
8.pfb></usr/local/texlive/2017/texmf-dist/fonts/type1/public/amsfonts/cm/cmr9.p
fb></usr/local/texlive/2017/texmf-dist/fonts/type1/public/amsfonts/cm/cmsy6.pfb
></usr/local/texlive/2017/texmf-dist/fonts/type1/public/amsfonts/cm/cmsy9.pfb><
/usr/local/texlive/2017/texmf-dist/fonts/type1/public/amsfonts/cm/cmti10.pfb></
usr/local/texlive/2017/texmf-dist/fonts/type1/public/amsfonts/cm/cmti8.pfb></us
r/local/texlive/2017/texmf-dist/fonts/type1/public/amsfonts/cm/cmti9.pfb></usr/
local/texlive/2017/texmf-dist/fonts/type1/public/amsfonts/cm/cmtt9.pfb></usr/lo
cal/texlive/2017/texmf-dist/fonts/type1/public/amsfonts/euler/eurm10.pfb>
Output written on biomsample.pdf (8 pages, 261814 bytes).
PDF statistics:
 118 PDF objects out of 1000 (max. 8388607)
 85 compressed objects within 1 object stream
 0 named destinations out of 1000 (max. 500000)
 6 words of extra memory for PDF output out of 10000 (max. 10000000)

